  [1m[35m (191.3ms)[0m  [1m[35mCREATE DATABASE "goalsapp_development" ENCODING = 'unicode'[0m
  ↳ bin/rails:9
  [1m[35m (109.1ms)[0m  [1m[35mCREATE DATABASE "goalsapp_test" ENCODING = 'unicode'[0m
  ↳ bin/rails:9
  [1m[35m (36.7ms)[0m  [1m[35mDROP DATABASE IF EXISTS "goalsapp_test"[0m
  ↳ bin/rails:9
  [1m[35m (87.4ms)[0m  [1m[35mCREATE DATABASE "goalsapp_test" ENCODING = 'unicode'[0m
  ↳ bin/rails:9
  [1m[35m (12.5ms)[0m  [1m[35mCREATE TABLE "schema_migrations" ("version" character varying NOT NULL PRIMARY KEY)[0m
  ↳ bin/rails:9
  [1m[35m (4.2ms)[0m  [1m[35mCREATE TABLE "ar_internal_metadata" ("key" character varying NOT NULL PRIMARY KEY, "value" character varying, "created_at" timestamp NOT NULL, "updated_at" timestamp NOT NULL)[0m
  ↳ bin/rails:9
  [1m[35m (0.8ms)[0m  [1m[34mSELECT "schema_migrations"."version" FROM "schema_migrations" ORDER BY "schema_migrations"."version" ASC[0m
  ↳ bin/rails:9
  [1m[35m (0.3ms)[0m  [1m[34mSELECT "schema_migrations"."version" FROM "schema_migrations" ORDER BY "schema_migrations"."version" ASC[0m
  ↳ bin/rails:9
  [1m[35m (0.3ms)[0m  [1m[34mSELECT pg_try_advisory_lock(6603431597915282865)[0m
  ↳ bin/rails:9
  [1m[35m (0.3ms)[0m  [1m[34mSELECT "schema_migrations"."version" FROM "schema_migrations" ORDER BY "schema_migrations"."version" ASC[0m
  ↳ bin/rails:9
  [1m[35m (0.2ms)[0m  [1m[34mSELECT pg_advisory_unlock(6603431597915282865)[0m
  ↳ bin/rails:9
  [1m[35m (0.3ms)[0m  [1m[34mSELECT "schema_migrations"."version" FROM "schema_migrations" ORDER BY "schema_migrations"."version" ASC[0m
  ↳ bin/rails:9
  [1m[35m (0.2ms)[0m  [1m[34mSELECT pg_try_advisory_lock(6603431597915282865)[0m
  ↳ bin/rails:9
  [1m[35m (0.9ms)[0m  [1m[34mSELECT "schema_migrations"."version" FROM "schema_migrations" ORDER BY "schema_migrations"."version" ASC[0m
  ↳ bin/rails:9
Migrating to CreateUsers (20200520190729)
  [1m[35m (0.2ms)[0m  [1m[35mBEGIN[0m
  ↳ bin/rails:9
  [1m[35m (10.3ms)[0m  [1m[35mCREATE TABLE "users" ("id" bigserial primary key, "username" character varying NOT NULL, "password_digest" character varying NOT NULL, "session_token" character varying NOT NULL, "created_at" timestamp NOT NULL, "updated_at" timestamp NOT NULL)[0m
  ↳ db/migrate/20200520190729_create_users.rb:3
  [1m[35m (1.8ms)[0m  [1m[35mCREATE UNIQUE INDEX  "index_users_on_username" ON "users"  ("username")[0m
  ↳ db/migrate/20200520190729_create_users.rb:10
  [1m[35m (0.8ms)[0m  [1m[35mCREATE UNIQUE INDEX  "index_users_on_session_token" ON "users"  ("session_token")[0m
  ↳ db/migrate/20200520190729_create_users.rb:11
  [1m[36mActiveRecord::SchemaMigration Create (0.7ms)[0m  [1m[32mINSERT INTO "schema_migrations" ("version") VALUES ($1) RETURNING "version"[0m  [["version", "20200520190729"]]
  ↳ bin/rails:9
  [1m[35m (0.5ms)[0m  [1m[35mCOMMIT[0m
  ↳ bin/rails:9
  [1m[36mActiveRecord::InternalMetadata Load (0.4ms)[0m  [1m[34mSELECT  "ar_internal_metadata".* FROM "ar_internal_metadata" WHERE "ar_internal_metadata"."key" = $1 LIMIT $2[0m  [["key", "environment"], ["LIMIT", 1]]
  ↳ bin/rails:9
  [1m[35m (0.2ms)[0m  [1m[35mBEGIN[0m
  ↳ bin/rails:9
  [1m[36mActiveRecord::InternalMetadata Create (0.8ms)[0m  [1m[32mINSERT INTO "ar_internal_metadata" ("key", "value", "created_at", "updated_at") VALUES ($1, $2, $3, $4) RETURNING "key"[0m  [["key", "environment"], ["value", "development"], ["created_at", "2020-05-20 20:41:43.865864"], ["updated_at", "2020-05-20 20:41:43.865864"]]
  ↳ bin/rails:9
  [1m[35m (0.4ms)[0m  [1m[35mCOMMIT[0m
  ↳ bin/rails:9
  [1m[35m (0.3ms)[0m  [1m[34mSELECT pg_advisory_unlock(6603431597915282865)[0m
  ↳ bin/rails:9
  [1m[35m (0.3ms)[0m  [1m[34mSELECT "schema_migrations"."version" FROM "schema_migrations" ORDER BY "schema_migrations"."version" ASC[0m
  ↳ bin/rails:9
  [1m[35m (0.8ms)[0m  [1m[34mSELECT "schema_migrations"."version" FROM "schema_migrations" ORDER BY "schema_migrations"."version" ASC[0m
  ↳ /Users/bryansillorequez/.rbenv/versions/2.5.1/bin/annotate:23
  [1m[35m (1.6ms)[0m  [1m[34mSELECT "schema_migrations"."version" FROM "schema_migrations" ORDER BY "schema_migrations"."version" ASC[0m
  ↳ /Users/bryansillorequez/.rbenv/versions/2.5.1/bin/annotate:23
  [1m[35m (1.3ms)[0m  [1m[34mSELECT "schema_migrations"."version" FROM "schema_migrations" ORDER BY "schema_migrations"."version" ASC[0m
  ↳ bin/rails:9
  [1m[35m (0.7ms)[0m  [1m[34mSELECT "ar_internal_metadata"."value" FROM "ar_internal_metadata" WHERE "ar_internal_metadata"."key" = $1[0m  [["key", "environment"]]
  ↳ bin/rails:9
  [1m[35m (0.4ms)[0m  [1m[34mSELECT "schema_migrations"."version" FROM "schema_migrations" ORDER BY "schema_migrations"."version" ASC[0m
  ↳ bin/rails:9
  [1m[35m (0.4ms)[0m  [1m[34mSELECT "ar_internal_metadata"."value" FROM "ar_internal_metadata" WHERE "ar_internal_metadata"."key" = $1[0m  [["key", "environment"]]
  ↳ bin/rails:9
  [1m[35m (0.4ms)[0m  [1m[34mSELECT "schema_migrations"."version" FROM "schema_migrations" ORDER BY "schema_migrations"."version" ASC[0m
  ↳ bin/rails:9
  [1m[35m (0.3ms)[0m  [1m[34mSELECT "ar_internal_metadata"."value" FROM "ar_internal_metadata" WHERE "ar_internal_metadata"."key" = $1[0m  [["key", "environment"]]
  ↳ bin/rails:9
  [1m[35m (70.7ms)[0m  [1m[35mDROP DATABASE IF EXISTS "goalsapp_test"[0m
  ↳ bin/rails:9
  [1m[35m (134.6ms)[0m  [1m[35mCREATE DATABASE "goalsapp_test" ENCODING = 'unicode'[0m
  ↳ bin/rails:9
  [1m[35mSQL (0.6ms)[0m  [1m[35mCREATE EXTENSION IF NOT EXISTS "plpgsql"[0m
  ↳ db/schema.rb:16
  [1m[35m (0.4ms)[0m  [1m[35mDROP TABLE IF EXISTS "users" CASCADE[0m
  ↳ db/schema.rb:18
  [1m[35m (13.3ms)[0m  [1m[35mCREATE TABLE "users" ("id" bigserial primary key, "username" character varying NOT NULL, "password_digest" character varying NOT NULL, "session_token" character varying NOT NULL, "created_at" timestamp NOT NULL, "updated_at" timestamp NOT NULL)[0m
  ↳ db/schema.rb:18
  [1m[35m (2.2ms)[0m  [1m[35mCREATE UNIQUE INDEX  "index_users_on_session_token" ON "users"  ("session_token")[0m
  ↳ db/schema.rb:18
  [1m[35m (1.7ms)[0m  [1m[35mCREATE UNIQUE INDEX  "index_users_on_username" ON "users"  ("username")[0m
  ↳ db/schema.rb:18
  [1m[35m (4.5ms)[0m  [1m[35mCREATE TABLE "schema_migrations" ("version" character varying NOT NULL PRIMARY KEY)[0m
  ↳ db/schema.rb:13
  [1m[35m (1.0ms)[0m  [1m[34mSELECT "schema_migrations"."version" FROM "schema_migrations" ORDER BY "schema_migrations"."version" ASC[0m
  ↳ db/schema.rb:13
  [1m[35m (0.9ms)[0m  [1m[32mINSERT INTO "schema_migrations" (version) VALUES (20200520190729)[0m
  ↳ db/schema.rb:13
  [1m[35m (4.8ms)[0m  [1m[35mCREATE TABLE "ar_internal_metadata" ("key" character varying NOT NULL PRIMARY KEY, "value" character varying, "created_at" timestamp NOT NULL, "updated_at" timestamp NOT NULL)[0m
  ↳ db/schema.rb:13
  [1m[36mActiveRecord::InternalMetadata Load (0.6ms)[0m  [1m[34mSELECT  "ar_internal_metadata".* FROM "ar_internal_metadata" WHERE "ar_internal_metadata"."key" = $1 LIMIT $2[0m  [["key", "environment"], ["LIMIT", 1]]
  ↳ db/schema.rb:13
  [1m[35m (0.2ms)[0m  [1m[35mBEGIN[0m
  ↳ db/schema.rb:13
  [1m[36mActiveRecord::InternalMetadata Create (0.9ms)[0m  [1m[32mINSERT INTO "ar_internal_metadata" ("key", "value", "created_at", "updated_at") VALUES ($1, $2, $3, $4) RETURNING "key"[0m  [["key", "environment"], ["value", "development"], ["created_at", "2020-05-20 20:58:29.673656"], ["updated_at", "2020-05-20 20:58:29.673656"]]
  ↳ db/schema.rb:13
  [1m[35m (0.5ms)[0m  [1m[35mCOMMIT[0m
  ↳ db/schema.rb:13
  [1m[36mActiveRecord::InternalMetadata Load (0.4ms)[0m  [1m[34mSELECT  "ar_internal_metadata".* FROM "ar_internal_metadata" WHERE "ar_internal_metadata"."key" = $1 LIMIT $2[0m  [["key", "environment"], ["LIMIT", 1]]
  ↳ bin/rails:9
  [1m[35m (0.3ms)[0m  [1m[35mBEGIN[0m
  ↳ bin/rails:9
  [1m[36mActiveRecord::InternalMetadata Update (0.7ms)[0m  [1m[33mUPDATE "ar_internal_metadata" SET "value" = $1, "updated_at" = $2 WHERE "ar_internal_metadata"."key" = $3[0m  [["value", "test"], ["updated_at", "2020-05-20 20:58:29.681698"], ["key", "environment"]]
  ↳ bin/rails:9
  [1m[35m (0.4ms)[0m  [1m[35mCOMMIT[0m
  ↳ bin/rails:9
  [1m[35m (0.3ms)[0m  [1m[34mSELECT pg_try_advisory_lock(6603431597915282865)[0m
  ↳ bin/rails:9
  [1m[35m (1.4ms)[0m  [1m[34mSELECT "schema_migrations"."version" FROM "schema_migrations" ORDER BY "schema_migrations"."version" ASC[0m
  ↳ bin/rails:9
  [1m[36mActiveRecord::InternalMetadata Load (0.8ms)[0m  [1m[34mSELECT  "ar_internal_metadata".* FROM "ar_internal_metadata" WHERE "ar_internal_metadata"."key" = $1 LIMIT $2[0m  [["key", "environment"], ["LIMIT", 1]]
  ↳ bin/rails:9
  [1m[35m (0.2ms)[0m  [1m[35mBEGIN[0m
  ↳ bin/rails:9
  [1m[35m (0.2ms)[0m  [1m[35mCOMMIT[0m
  ↳ bin/rails:9
  [1m[35m (0.5ms)[0m  [1m[34mSELECT pg_advisory_unlock(6603431597915282865)[0m
  ↳ bin/rails:9
  [1m[35m (0.4ms)[0m  [1m[34mSELECT "schema_migrations"."version" FROM "schema_migrations" ORDER BY "schema_migrations"."version" ASC[0m
  ↳ bin/rails:9
  [1m[35m (0.4ms)[0m  [1m[34mSELECT "schema_migrations"."version" FROM "schema_migrations" ORDER BY "schema_migrations"."version" ASC[0m
  ↳ bin/rails:9
  [1m[35m (0.4ms)[0m  [1m[34mSELECT "ar_internal_metadata"."value" FROM "ar_internal_metadata" WHERE "ar_internal_metadata"."key" = $1[0m  [["key", "environment"]]
  ↳ bin/rails:9
  [1m[35m (0.4ms)[0m  [1m[34mSELECT "schema_migrations"."version" FROM "schema_migrations" ORDER BY "schema_migrations"."version" ASC[0m
  ↳ bin/rails:9
  [1m[35m (0.3ms)[0m  [1m[34mSELECT "ar_internal_metadata"."value" FROM "ar_internal_metadata" WHERE "ar_internal_metadata"."key" = $1[0m  [["key", "environment"]]
  ↳ bin/rails:9
  [1m[35m (0.4ms)[0m  [1m[34mSELECT "schema_migrations"."version" FROM "schema_migrations" ORDER BY "schema_migrations"."version" ASC[0m
  ↳ bin/rails:9
  [1m[35m (0.3ms)[0m  [1m[34mSELECT "ar_internal_metadata"."value" FROM "ar_internal_metadata" WHERE "ar_internal_metadata"."key" = $1[0m  [["key", "environment"]]
  ↳ bin/rails:9
  [1m[35m (67.5ms)[0m  [1m[35mDROP DATABASE IF EXISTS "goalsapp_test"[0m
  ↳ bin/rails:9
  [1m[35m (140.1ms)[0m  [1m[35mCREATE DATABASE "goalsapp_test" ENCODING = 'unicode'[0m
  ↳ bin/rails:9
  [1m[35mSQL (0.7ms)[0m  [1m[35mCREATE EXTENSION IF NOT EXISTS "plpgsql"[0m
  ↳ db/schema.rb:16
  [1m[35m (0.3ms)[0m  [1m[35mDROP TABLE IF EXISTS "users" CASCADE[0m
  ↳ db/schema.rb:18
  [1m[35m (13.3ms)[0m  [1m[35mCREATE TABLE "users" ("id" bigserial primary key, "username" character varying NOT NULL, "password_digest" character varying NOT NULL, "session_token" character varying NOT NULL, "created_at" timestamp NOT NULL, "updated_at" timestamp NOT NULL)[0m
  ↳ db/schema.rb:18
  [1m[35m (2.2ms)[0m  [1m[35mCREATE UNIQUE INDEX  "index_users_on_session_token" ON "users"  ("session_token")[0m
  ↳ db/schema.rb:18
  [1m[35m (1.7ms)[0m  [1m[35mCREATE UNIQUE INDEX  "index_users_on_username" ON "users"  ("username")[0m
  ↳ db/schema.rb:18
  [1m[35m (4.7ms)[0m  [1m[35mCREATE TABLE "schema_migrations" ("version" character varying NOT NULL PRIMARY KEY)[0m
  ↳ db/schema.rb:13
  [1m[35m (1.7ms)[0m  [1m[34mSELECT "schema_migrations"."version" FROM "schema_migrations" ORDER BY "schema_migrations"."version" ASC[0m
  ↳ db/schema.rb:13
  [1m[35m (1.0ms)[0m  [1m[32mINSERT INTO "schema_migrations" (version) VALUES (20200520190729)[0m
  ↳ db/schema.rb:13
  [1m[35m (4.8ms)[0m  [1m[35mCREATE TABLE "ar_internal_metadata" ("key" character varying NOT NULL PRIMARY KEY, "value" character varying, "created_at" timestamp NOT NULL, "updated_at" timestamp NOT NULL)[0m
  ↳ db/schema.rb:13
  [1m[36mActiveRecord::InternalMetadata Load (0.6ms)[0m  [1m[34mSELECT  "ar_internal_metadata".* FROM "ar_internal_metadata" WHERE "ar_internal_metadata"."key" = $1 LIMIT $2[0m  [["key", "environment"], ["LIMIT", 1]]
  ↳ db/schema.rb:13
  [1m[35m (0.2ms)[0m  [1m[35mBEGIN[0m
  ↳ db/schema.rb:13
  [1m[36mActiveRecord::InternalMetadata Create (0.7ms)[0m  [1m[32mINSERT INTO "ar_internal_metadata" ("key", "value", "created_at", "updated_at") VALUES ($1, $2, $3, $4) RETURNING "key"[0m  [["key", "environment"], ["value", "development"], ["created_at", "2020-05-20 20:59:02.874642"], ["updated_at", "2020-05-20 20:59:02.874642"]]
  ↳ db/schema.rb:13
  [1m[35m (0.5ms)[0m  [1m[35mCOMMIT[0m
  ↳ db/schema.rb:13
  [1m[36mActiveRecord::InternalMetadata Load (0.4ms)[0m  [1m[34mSELECT  "ar_internal_metadata".* FROM "ar_internal_metadata" WHERE "ar_internal_metadata"."key" = $1 LIMIT $2[0m  [["key", "environment"], ["LIMIT", 1]]
  ↳ bin/rails:9
  [1m[35m (0.2ms)[0m  [1m[35mBEGIN[0m
  ↳ bin/rails:9
  [1m[36mActiveRecord::InternalMetadata Update (0.5ms)[0m  [1m[33mUPDATE "ar_internal_metadata" SET "value" = $1, "updated_at" = $2 WHERE "ar_internal_metadata"."key" = $3[0m  [["value", "test"], ["updated_at", "2020-05-20 20:59:02.880387"], ["key", "environment"]]
  ↳ bin/rails:9
  [1m[35m (0.4ms)[0m  [1m[35mCOMMIT[0m
  ↳ bin/rails:9
Started GET "/users/new" for ::1 at 2020-05-20 16:09:01 -0700
  [1m[35m (1.3ms)[0m  [1m[34mSELECT "schema_migrations"."version" FROM "schema_migrations" ORDER BY "schema_migrations"."version" ASC[0m
  ↳ /Users/bryansillorequez/.rbenv/versions/2.5.1/lib/ruby/gems/2.5.0/gems/activerecord-5.2.4.3/lib/active_record/log_subscriber.rb:98
Processing by UsersController#new as HTML
  Rendering users/new.html.erb within layouts/application
  Rendered users/new.html.erb within layouts/application (1.1ms)
Completed 200 OK in 302ms (Views: 281.7ms | ActiveRecord: 6.8ms)


Started POST "/users" for ::1 at 2020-05-20 16:09:15 -0700
Processing by UsersController#create as HTML
  Parameters: {"user"=>{"username"=>"Mapa", "password"=>"[FILTERED]"}}
Can't verify CSRF token authenticity.
Completed 422 Unprocessable Entity in 0ms (ActiveRecord: 0.0ms)


  
ActionController::InvalidAuthenticityToken (ActionController::InvalidAuthenticityToken):
  
actionpack (5.2.4.3) lib/action_controller/metal/request_forgery_protection.rb:211:in `handle_unverified_request'
actionpack (5.2.4.3) lib/action_controller/metal/request_forgery_protection.rb:243:in `handle_unverified_request'
actionpack (5.2.4.3) lib/action_controller/metal/request_forgery_protection.rb:238:in `verify_authenticity_token'
activesupport (5.2.4.3) lib/active_support/callbacks.rb:426:in `block in make_lambda'
activesupport (5.2.4.3) lib/active_support/callbacks.rb:198:in `block (2 levels) in halting'
actionpack (5.2.4.3) lib/abstract_controller/callbacks.rb:34:in `block (2 levels) in <module:Callbacks>'
activesupport (5.2.4.3) lib/active_support/callbacks.rb:199:in `block in halting'
activesupport (5.2.4.3) lib/active_support/callbacks.rb:513:in `block in invoke_before'
activesupport (5.2.4.3) lib/active_support/callbacks.rb:513:in `each'
activesupport (5.2.4.3) lib/active_support/callbacks.rb:513:in `invoke_before'
activesupport (5.2.4.3) lib/active_support/callbacks.rb:131:in `run_callbacks'
actionpack (5.2.4.3) lib/abstract_controller/callbacks.rb:41:in `process_action'
actionpack (5.2.4.3) lib/action_controller/metal/rescue.rb:22:in `process_action'
actionpack (5.2.4.3) lib/action_controller/metal/instrumentation.rb:34:in `block in process_action'
activesupport (5.2.4.3) lib/active_support/notifications.rb:168:in `block in instrument'
activesupport (5.2.4.3) lib/active_support/notifications/instrumenter.rb:23:in `instrument'
activesupport (5.2.4.3) lib/active_support/notifications.rb:168:in `instrument'
actionpack (5.2.4.3) lib/action_controller/metal/instrumentation.rb:32:in `process_action'
actionpack (5.2.4.3) lib/action_controller/metal/params_wrapper.rb:256:in `process_action'
activerecord (5.2.4.3) lib/active_record/railties/controller_runtime.rb:24:in `process_action'
actionpack (5.2.4.3) lib/abstract_controller/base.rb:134:in `process'
actionview (5.2.4.3) lib/action_view/rendering.rb:32:in `process'
actionpack (5.2.4.3) lib/action_controller/metal.rb:191:in `dispatch'
actionpack (5.2.4.3) lib/action_controller/metal.rb:252:in `dispatch'
actionpack (5.2.4.3) lib/action_dispatch/routing/route_set.rb:52:in `dispatch'
actionpack (5.2.4.3) lib/action_dispatch/routing/route_set.rb:34:in `serve'
actionpack (5.2.4.3) lib/action_dispatch/journey/router.rb:52:in `block in serve'
actionpack (5.2.4.3) lib/action_dispatch/journey/router.rb:35:in `each'
actionpack (5.2.4.3) lib/action_dispatch/journey/router.rb:35:in `serve'
actionpack (5.2.4.3) lib/action_dispatch/routing/route_set.rb:840:in `call'
rack (2.2.2) lib/rack/tempfile_reaper.rb:15:in `call'
rack (2.2.2) lib/rack/etag.rb:27:in `call'
rack (2.2.2) lib/rack/conditional_get.rb:40:in `call'
rack (2.2.2) lib/rack/head.rb:12:in `call'
actionpack (5.2.4.3) lib/action_dispatch/http/content_security_policy.rb:18:in `call'
rack (2.2.2) lib/rack/session/abstract/id.rb:266:in `context'
rack (2.2.2) lib/rack/session/abstract/id.rb:260:in `call'
actionpack (5.2.4.3) lib/action_dispatch/middleware/cookies.rb:670:in `call'
activerecord (5.2.4.3) lib/active_record/migration.rb:559:in `call'
actionpack (5.2.4.3) lib/action_dispatch/middleware/callbacks.rb:28:in `block in call'
activesupport (5.2.4.3) lib/active_support/callbacks.rb:98:in `run_callbacks'
actionpack (5.2.4.3) lib/action_dispatch/middleware/callbacks.rb:26:in `call'
actionpack (5.2.4.3) lib/action_dispatch/middleware/executor.rb:14:in `call'
actionpack (5.2.4.3) lib/action_dispatch/middleware/debug_exceptions.rb:61:in `call'
web-console (3.7.0) lib/web_console/middleware.rb:135:in `call_app'
web-console (3.7.0) lib/web_console/middleware.rb:30:in `block in call'
web-console (3.7.0) lib/web_console/middleware.rb:20:in `catch'
web-console (3.7.0) lib/web_console/middleware.rb:20:in `call'
actionpack (5.2.4.3) lib/action_dispatch/middleware/show_exceptions.rb:33:in `call'
railties (5.2.4.3) lib/rails/rack/logger.rb:38:in `call_app'
railties (5.2.4.3) lib/rails/rack/logger.rb:26:in `block in call'
activesupport (5.2.4.3) lib/active_support/tagged_logging.rb:71:in `block in tagged'
activesupport (5.2.4.3) lib/active_support/tagged_logging.rb:28:in `tagged'
activesupport (5.2.4.3) lib/active_support/tagged_logging.rb:71:in `tagged'
railties (5.2.4.3) lib/rails/rack/logger.rb:26:in `call'
sprockets-rails (3.2.1) lib/sprockets/rails/quiet_assets.rb:13:in `call'
actionpack (5.2.4.3) lib/action_dispatch/middleware/remote_ip.rb:81:in `call'
actionpack (5.2.4.3) lib/action_dispatch/middleware/request_id.rb:27:in `call'
rack (2.2.2) lib/rack/method_override.rb:24:in `call'
rack (2.2.2) lib/rack/runtime.rb:22:in `call'
activesupport (5.2.4.3) lib/active_support/cache/strategy/local_cache_middleware.rb:29:in `call'
actionpack (5.2.4.3) lib/action_dispatch/middleware/executor.rb:14:in `call'
actionpack (5.2.4.3) lib/action_dispatch/middleware/static.rb:127:in `call'
rack (2.2.2) lib/rack/sendfile.rb:110:in `call'
railties (5.2.4.3) lib/rails/engine.rb:524:in `call'
puma (3.12.6) lib/puma/configuration.rb:227:in `call'
puma (3.12.6) lib/puma/server.rb:706:in `handle_request'
puma (3.12.6) lib/puma/server.rb:476:in `process_client'
puma (3.12.6) lib/puma/server.rb:334:in `block in run'
puma (3.12.6) lib/puma/thread_pool.rb:135:in `block in spawn_thread'
Started GET "/users/new" for ::1 at 2020-05-20 16:10:06 -0700
Processing by UsersController#new as HTML
  Rendering users/new.html.erb within layouts/application
  Rendered users/new.html.erb within layouts/application (0.5ms)
Completed 200 OK in 19ms (Views: 17.3ms | ActiveRecord: 0.0ms)


Started POST "/users" for ::1 at 2020-05-20 16:10:51 -0700
Processing by UsersController#create as HTML
  Parameters: {"authenticity_token"=>"IDzXTtxkntzvOrUwziVo/seJKU2ybUS8ZjBdB0oV0PgKJGak5uWJyFtFYrnLjc/xLcQ0xsKVVuz//1AxiWHOCQ==", "user"=>{"username"=>"Mapa", "password"=>"[FILTERED]"}}
  [1m[35m (0.2ms)[0m  [1m[35mBEGIN[0m
  ↳ app/controllers/users_controller.rb:12
  [1m[36mUser Exists (2.8ms)[0m  [1m[34mSELECT  1 AS one FROM "users" WHERE "users"."username" = $1 LIMIT $2[0m  [["username", "Mapa"], ["LIMIT", 1]]
  ↳ app/controllers/users_controller.rb:12
  [1m[36mUser Exists (0.3ms)[0m  [1m[34mSELECT  1 AS one FROM "users" WHERE "users"."session_token" = $1 LIMIT $2[0m  [["session_token", "1cO8uZaXLUU53J4rCi6nPg"], ["LIMIT", 1]]
  ↳ app/controllers/users_controller.rb:12
  [1m[36mUser Create (0.8ms)[0m  [1m[32mINSERT INTO "users" ("username", "password_digest", "session_token", "created_at", "updated_at") VALUES ($1, $2, $3, $4, $5) RETURNING "id"[0m  [["username", "Mapa"], ["password_digest", "$2a$12$mlf0eDkoXOskVa18cf4Iaupln3gxeqYS47PDlqZtw8mgEWZFlWPUe"], ["session_token", "1cO8uZaXLUU53J4rCi6nPg"], ["created_at", "2020-05-20 23:10:51.335639"], ["updated_at", "2020-05-20 23:10:51.335639"]]
  ↳ app/controllers/users_controller.rb:12
  [1m[35m (0.4ms)[0m  [1m[35mCOMMIT[0m
  ↳ app/controllers/users_controller.rb:12
  [1m[35m (0.1ms)[0m  [1m[35mBEGIN[0m
  ↳ app/models/user.rb:38
  [1m[36mUser Exists (0.4ms)[0m  [1m[34mSELECT  1 AS one FROM "users" WHERE "users"."username" = $1 AND "users"."id" != $2 LIMIT $3[0m  [["username", "Mapa"], ["id", 1], ["LIMIT", 1]]
  ↳ app/models/user.rb:38
  [1m[36mUser Exists (0.4ms)[0m  [1m[34mSELECT  1 AS one FROM "users" WHERE "users"."session_token" = $1 AND "users"."id" != $2 LIMIT $3[0m  [["session_token", "vmKSEOwpzrafLAbG2-akiQ"], ["id", 1], ["LIMIT", 1]]
  ↳ app/models/user.rb:38
  [1m[36mUser Update (0.4ms)[0m  [1m[33mUPDATE "users" SET "session_token" = $1, "updated_at" = $2 WHERE "users"."id" = $3[0m  [["session_token", "vmKSEOwpzrafLAbG2-akiQ"], ["updated_at", "2020-05-20 23:10:51.340568"], ["id", 1]]
  ↳ app/models/user.rb:38
  [1m[35m (0.3ms)[0m  [1m[35mCOMMIT[0m
  ↳ app/models/user.rb:38
Redirected to http://localhost:3000/users/1
Completed 302 Found in 267ms (ActiveRecord: 6.2ms)


Started GET "/users/1" for ::1 at 2020-05-20 16:10:51 -0700
Processing by UsersController#show as HTML
  Parameters: {"id"=>"1"}
  [1m[36mUser Load (0.3ms)[0m  [1m[34mSELECT  "users".* FROM "users" WHERE "users"."id" = $1 LIMIT $2[0m  [["id", 1], ["LIMIT", 1]]
  ↳ app/controllers/users_controller.rb:22
  Rendering users/show.html.erb within layouts/application
  Rendered users/show.html.erb within layouts/application (0.3ms)
Completed 200 OK in 31ms (Views: 28.7ms | ActiveRecord: 0.5ms)


Started GET "/session/new" for ::1 at 2020-05-20 16:13:19 -0700
Processing by SessionsController#new as HTML
  Rendering sessions/new.html.erb within layouts/application
  Rendered sessions/new.html.erb within layouts/application (0.5ms)
  [1m[36mUser Load (0.3ms)[0m  [1m[34mSELECT  "users".* FROM "users" WHERE "users"."session_token" = $1 LIMIT $2[0m  [["session_token", "vmKSEOwpzrafLAbG2-akiQ"], ["LIMIT", 1]]
  ↳ app/controllers/application_controller.rb:6
Completed 200 OK in 24ms (Views: 22.9ms | ActiveRecord: 0.3ms)


Started POST "/session" for ::1 at 2020-05-20 16:13:27 -0700
Processing by SessionsController#create as HTML
  Parameters: {"authenticity_token"=>"A0K876IlOF3TMzYnpdgen5P+is3NLv57RlcV1rHr22cpWg0FmKQvSWdM4a6gcLmQebOXRr3W7CvfmBjgcp/Flg==", "user"=>{"username"=>"Mapa", "password"=>"[FILTERED]"}}
  [1m[36mUser Load (0.4ms)[0m  [1m[34mSELECT  "users".* FROM "users" WHERE "users"."username" = $1 LIMIT $2[0m  [["username", "Mapa"], ["LIMIT", 1]]
  ↳ app/models/user.rb:23
  [1m[35m (0.2ms)[0m  [1m[35mBEGIN[0m
  ↳ app/models/user.rb:38
  [1m[36mUser Exists (0.3ms)[0m  [1m[34mSELECT  1 AS one FROM "users" WHERE "users"."username" = $1 AND "users"."id" != $2 LIMIT $3[0m  [["username", "Mapa"], ["id", 1], ["LIMIT", 1]]
  ↳ app/models/user.rb:38
  [1m[36mUser Exists (0.3ms)[0m  [1m[34mSELECT  1 AS one FROM "users" WHERE "users"."session_token" = $1 AND "users"."id" != $2 LIMIT $3[0m  [["session_token", "tyB61kKoS2V3gl6UwA7R_A"], ["id", 1], ["LIMIT", 1]]
  ↳ app/models/user.rb:38
  [1m[36mUser Update (0.3ms)[0m  [1m[33mUPDATE "users" SET "session_token" = $1, "updated_at" = $2 WHERE "users"."id" = $3[0m  [["session_token", "tyB61kKoS2V3gl6UwA7R_A"], ["updated_at", "2020-05-20 23:13:27.322425"], ["id", 1]]
  ↳ app/models/user.rb:38
  [1m[35m (0.6ms)[0m  [1m[35mCOMMIT[0m
  ↳ app/models/user.rb:38
Redirected to http://localhost:3000/users/1
Completed 302 Found in 262ms (ActiveRecord: 2.1ms)


Started GET "/users/1" for ::1 at 2020-05-20 16:13:27 -0700
Processing by UsersController#show as HTML
  Parameters: {"id"=>"1"}
  [1m[36mUser Load (0.3ms)[0m  [1m[34mSELECT  "users".* FROM "users" WHERE "users"."id" = $1 LIMIT $2[0m  [["id", 1], ["LIMIT", 1]]
  ↳ app/controllers/users_controller.rb:22
  Rendering users/show.html.erb within layouts/application
  Rendered users/show.html.erb within layouts/application (0.3ms)
  [1m[36mUser Load (0.4ms)[0m  [1m[34mSELECT  "users".* FROM "users" WHERE "users"."session_token" = $1 LIMIT $2[0m  [["session_token", "tyB61kKoS2V3gl6UwA7R_A"], ["LIMIT", 1]]
  ↳ app/controllers/application_controller.rb:6
Completed 200 OK in 20ms (Views: 18.6ms | ActiveRecord: 0.7ms)


Started GET "/users/1" for ::1 at 2020-05-20 16:13:32 -0700
Processing by UsersController#show as HTML
  Parameters: {"id"=>"1"}
  [1m[36mUser Load (0.3ms)[0m  [1m[34mSELECT  "users".* FROM "users" WHERE "users"."id" = $1 LIMIT $2[0m  [["id", 1], ["LIMIT", 1]]
  ↳ app/controllers/users_controller.rb:22
  Rendering users/show.html.erb within layouts/application
  Rendered users/show.html.erb within layouts/application (0.4ms)
  [1m[36mUser Load (0.3ms)[0m  [1m[34mSELECT  "users".* FROM "users" WHERE "users"."session_token" = $1 LIMIT $2[0m  [["session_token", "tyB61kKoS2V3gl6UwA7R_A"], ["LIMIT", 1]]
  ↳ app/controllers/application_controller.rb:6
Completed 200 OK in 21ms (Views: 19.0ms | ActiveRecord: 0.7ms)


Started GET "/users/1" for ::1 at 2020-05-20 16:13:34 -0700
Processing by UsersController#show as HTML
  Parameters: {"id"=>"1"}
  [1m[36mUser Load (0.3ms)[0m  [1m[34mSELECT  "users".* FROM "users" WHERE "users"."id" = $1 LIMIT $2[0m  [["id", 1], ["LIMIT", 1]]
  ↳ app/controllers/users_controller.rb:22
  Rendering users/show.html.erb within layouts/application
  Rendered users/show.html.erb within layouts/application (0.3ms)
  [1m[36mUser Load (0.4ms)[0m  [1m[34mSELECT  "users".* FROM "users" WHERE "users"."session_token" = $1 LIMIT $2[0m  [["session_token", "tyB61kKoS2V3gl6UwA7R_A"], ["LIMIT", 1]]
  ↳ app/controllers/application_controller.rb:6
Completed 200 OK in 22ms (Views: 19.8ms | ActiveRecord: 0.7ms)


Started GET "/session/new" for ::1 at 2020-05-20 16:14:58 -0700
Processing by SessionsController#new as HTML
  Rendering sessions/new.html.erb within layouts/application
  Rendered sessions/new.html.erb within layouts/application (0.5ms)
  [1m[36mUser Load (0.3ms)[0m  [1m[34mSELECT  "users".* FROM "users" WHERE "users"."session_token" = $1 LIMIT $2[0m  [["session_token", "tyB61kKoS2V3gl6UwA7R_A"], ["LIMIT", 1]]
  ↳ app/controllers/application_controller.rb:6
Completed 200 OK in 20ms (Views: 18.8ms | ActiveRecord: 0.3ms)


Started POST "/session" for ::1 at 2020-05-20 16:16:43 -0700
Processing by SessionsController#create as HTML
  Parameters: {"authenticity_token"=>"NtHYW81BQ4BF9QKZK688ZqSZ6V7FbkrsCFmpodmV/FAcyWmx98BUlPGK1RAuB5tpTtT01bWWWLyRlqSXGuHioQ==", "user"=>{"username"=>"Mapa", "password"=>"[FILTERED]"}}
  [1m[36mUser Load (0.4ms)[0m  [1m[34mSELECT  "users".* FROM "users" WHERE "users"."username" = $1 LIMIT $2[0m  [["username", "Mapa"], ["LIMIT", 1]]
  ↳ app/models/user.rb:23
  [1m[35m (0.1ms)[0m  [1m[35mBEGIN[0m
  ↳ app/models/user.rb:38
  [1m[36mUser Exists (0.4ms)[0m  [1m[34mSELECT  1 AS one FROM "users" WHERE "users"."username" = $1 AND "users"."id" != $2 LIMIT $3[0m  [["username", "Mapa"], ["id", 1], ["LIMIT", 1]]
  ↳ app/models/user.rb:38
  [1m[36mUser Exists (0.3ms)[0m  [1m[34mSELECT  1 AS one FROM "users" WHERE "users"."session_token" = $1 AND "users"."id" != $2 LIMIT $3[0m  [["session_token", "gdHMx281HsrG4wxCmS_iOQ"], ["id", 1], ["LIMIT", 1]]
  ↳ app/models/user.rb:38
  [1m[36mUser Update (0.3ms)[0m  [1m[33mUPDATE "users" SET "session_token" = $1, "updated_at" = $2 WHERE "users"."id" = $3[0m  [["session_token", "gdHMx281HsrG4wxCmS_iOQ"], ["updated_at", "2020-05-20 23:16:43.631257"], ["id", 1]]
  ↳ app/models/user.rb:38
  [1m[35m (0.5ms)[0m  [1m[35mCOMMIT[0m
  ↳ app/models/user.rb:38
Redirected to http://localhost:3000/users/1
Completed 302 Found in 254ms (ActiveRecord: 2.0ms)


Started GET "/users/1" for ::1 at 2020-05-20 16:16:43 -0700
Processing by UsersController#show as HTML
  Parameters: {"id"=>"1"}
  [1m[36mUser Load (0.3ms)[0m  [1m[34mSELECT  "users".* FROM "users" WHERE "users"."id" = $1 LIMIT $2[0m  [["id", 1], ["LIMIT", 1]]
  ↳ app/controllers/users_controller.rb:22
  Rendering users/show.html.erb within layouts/application
  Rendered users/show.html.erb within layouts/application (0.3ms)
  [1m[36mUser Load (0.3ms)[0m  [1m[34mSELECT  "users".* FROM "users" WHERE "users"."session_token" = $1 LIMIT $2[0m  [["session_token", "gdHMx281HsrG4wxCmS_iOQ"], ["LIMIT", 1]]
  ↳ app/controllers/application_controller.rb:6
Completed 200 OK in 21ms (Views: 19.2ms | ActiveRecord: 0.6ms)


Started DELETE "/session" for ::1 at 2020-05-20 16:16:47 -0700
Processing by SessionsController#destroy as HTML
  Parameters: {"authenticity_token"=>"14ibi/5BxFJmEZCWJFL2c5UK4/u5UWfoyXCWg9Q448r9kCphxMDTRtJuRx8h+lF8f0f+cMmpdbhQv5u1F0z9Ow=="}
  [1m[36mUser Load (0.2ms)[0m  [1m[34mSELECT  "users".* FROM "users" WHERE "users"."session_token" = $1 LIMIT $2[0m  [["session_token", "gdHMx281HsrG4wxCmS_iOQ"], ["LIMIT", 1]]
  ↳ app/controllers/application_controller.rb:6
  [1m[35m (0.1ms)[0m  [1m[35mBEGIN[0m
  ↳ app/models/user.rb:38
  [1m[36mUser Exists (0.4ms)[0m  [1m[34mSELECT  1 AS one FROM "users" WHERE "users"."username" = $1 AND "users"."id" != $2 LIMIT $3[0m  [["username", "Mapa"], ["id", 1], ["LIMIT", 1]]
  ↳ app/models/user.rb:38
  [1m[36mUser Exists (0.3ms)[0m  [1m[34mSELECT  1 AS one FROM "users" WHERE "users"."session_token" = $1 AND "users"."id" != $2 LIMIT $3[0m  [["session_token", "hBq837FZtMNG_q96i6T7eQ"], ["id", 1], ["LIMIT", 1]]
  ↳ app/models/user.rb:38
  [1m[36mUser Update (0.4ms)[0m  [1m[33mUPDATE "users" SET "session_token" = $1, "updated_at" = $2 WHERE "users"."id" = $3[0m  [["session_token", "hBq837FZtMNG_q96i6T7eQ"], ["updated_at", "2020-05-20 23:16:47.756506"], ["id", 1]]
  ↳ app/models/user.rb:38
  [1m[35m (0.3ms)[0m  [1m[35mCOMMIT[0m
  ↳ app/models/user.rb:38
Redirected to http://localhost:3000/session/new
Completed 302 Found in 6ms (ActiveRecord: 1.7ms)


Started GET "/session/new" for ::1 at 2020-05-20 16:16:47 -0700
Processing by SessionsController#new as HTML
  Rendering sessions/new.html.erb within layouts/application
  Rendered sessions/new.html.erb within layouts/application (0.5ms)
  [1m[36mUser Load (0.3ms)[0m  [1m[34mSELECT  "users".* FROM "users" WHERE "users"."session_token" IS NULL LIMIT $1[0m  [["LIMIT", 1]]
  ↳ app/controllers/application_controller.rb:6
Completed 200 OK in 21ms (Views: 20.4ms | ActiveRecord: 0.3ms)


Started GET "/users/new" for ::1 at 2020-05-20 16:16:50 -0700
Processing by UsersController#new as HTML
  Rendering users/new.html.erb within layouts/application
  Rendered users/new.html.erb within layouts/application (0.5ms)
  [1m[36mUser Load (0.3ms)[0m  [1m[34mSELECT  "users".* FROM "users" WHERE "users"."session_token" IS NULL LIMIT $1[0m  [["LIMIT", 1]]
  ↳ app/controllers/application_controller.rb:6
Completed 200 OK in 24ms (Views: 21.8ms | ActiveRecord: 0.3ms)


Started POST "/users" for ::1 at 2020-05-20 16:16:56 -0700
Processing by UsersController#create as HTML
  Parameters: {"authenticity_token"=>"XvjwY3HhUlsqmXgk426PdxB/h93yis/XPjEZn+Ef3Nh04EGJS2BFT57mr63mxih4+jKaVoJy3Yen/hSpImvCKQ==", "user"=>{"username"=>"Ashe", "password"=>"[FILTERED]"}}
  [1m[35m (0.2ms)[0m  [1m[35mBEGIN[0m
  ↳ app/controllers/users_controller.rb:12
  [1m[36mUser Exists (0.3ms)[0m  [1m[34mSELECT  1 AS one FROM "users" WHERE "users"."username" = $1 LIMIT $2[0m  [["username", "Ashe"], ["LIMIT", 1]]
  ↳ app/controllers/users_controller.rb:12
  [1m[36mUser Exists (0.2ms)[0m  [1m[34mSELECT  1 AS one FROM "users" WHERE "users"."session_token" = $1 LIMIT $2[0m  [["session_token", "RQddSuqzDu65FPyzUbhCFA"], ["LIMIT", 1]]
  ↳ app/controllers/users_controller.rb:12
  [1m[36mUser Create (0.3ms)[0m  [1m[32mINSERT INTO "users" ("username", "password_digest", "session_token", "created_at", "updated_at") VALUES ($1, $2, $3, $4, $5) RETURNING "id"[0m  [["username", "Ashe"], ["password_digest", "$2a$12$EKL.vrO6rh.eWIWDjABA1errhRCOUECEiHk1QmT2rTkCJRLa9rFTC"], ["session_token", "RQddSuqzDu65FPyzUbhCFA"], ["created_at", "2020-05-20 23:16:56.804159"], ["updated_at", "2020-05-20 23:16:56.804159"]]
  ↳ app/controllers/users_controller.rb:12
  [1m[35m (0.6ms)[0m  [1m[35mCOMMIT[0m
  ↳ app/controllers/users_controller.rb:12
  [1m[35m (0.2ms)[0m  [1m[35mBEGIN[0m
  ↳ app/models/user.rb:38
  [1m[36mUser Exists (0.4ms)[0m  [1m[34mSELECT  1 AS one FROM "users" WHERE "users"."username" = $1 AND "users"."id" != $2 LIMIT $3[0m  [["username", "Ashe"], ["id", 2], ["LIMIT", 1]]
  ↳ app/models/user.rb:38
  [1m[36mUser Exists (0.3ms)[0m  [1m[34mSELECT  1 AS one FROM "users" WHERE "users"."session_token" = $1 AND "users"."id" != $2 LIMIT $3[0m  [["session_token", "reUHUw45EE9xMnThemYOUw"], ["id", 2], ["LIMIT", 1]]
  ↳ app/models/user.rb:38
  [1m[36mUser Update (0.3ms)[0m  [1m[33mUPDATE "users" SET "session_token" = $1, "updated_at" = $2 WHERE "users"."id" = $3[0m  [["session_token", "reUHUw45EE9xMnThemYOUw"], ["updated_at", "2020-05-20 23:16:56.808869"], ["id", 2]]
  ↳ app/models/user.rb:38
  [1m[35m (0.4ms)[0m  [1m[35mCOMMIT[0m
  ↳ app/models/user.rb:38
Redirected to http://localhost:3000/users/2
Completed 302 Found in 262ms (ActiveRecord: 3.3ms)


Started GET "/users/2" for ::1 at 2020-05-20 16:16:56 -0700
Processing by UsersController#show as HTML
  Parameters: {"id"=>"2"}
  [1m[36mUser Load (0.3ms)[0m  [1m[34mSELECT  "users".* FROM "users" WHERE "users"."id" = $1 LIMIT $2[0m  [["id", 2], ["LIMIT", 1]]
  ↳ app/controllers/users_controller.rb:22
  Rendering users/show.html.erb within layouts/application
  Rendered users/show.html.erb within layouts/application (0.3ms)
  [1m[36mUser Load (0.2ms)[0m  [1m[34mSELECT  "users".* FROM "users" WHERE "users"."session_token" = $1 LIMIT $2[0m  [["session_token", "reUHUw45EE9xMnThemYOUw"], ["LIMIT", 1]]
  ↳ app/controllers/application_controller.rb:6
Completed 200 OK in 22ms (Views: 20.2ms | ActiveRecord: 0.5ms)


Started DELETE "/session" for ::1 at 2020-05-20 16:17:01 -0700
Processing by SessionsController#destroy as HTML
  Parameters: {"authenticity_token"=>"FC372cpnj9tRe9ccr1ityhuXr0ZIyTom9BoQyimddhU+NUoz8OaYz+UEAJWq8ArF8dqyzTgxKHZt1R386ulo5A=="}
  [1m[36mUser Load (0.3ms)[0m  [1m[34mSELECT  "users".* FROM "users" WHERE "users"."session_token" = $1 LIMIT $2[0m  [["session_token", "reUHUw45EE9xMnThemYOUw"], ["LIMIT", 1]]
  ↳ app/controllers/application_controller.rb:6
  [1m[35m (0.1ms)[0m  [1m[35mBEGIN[0m
  ↳ app/models/user.rb:38
  [1m[36mUser Exists (0.3ms)[0m  [1m[34mSELECT  1 AS one FROM "users" WHERE "users"."username" = $1 AND "users"."id" != $2 LIMIT $3[0m  [["username", "Ashe"], ["id", 2], ["LIMIT", 1]]
  ↳ app/models/user.rb:38
  [1m[36mUser Exists (0.3ms)[0m  [1m[34mSELECT  1 AS one FROM "users" WHERE "users"."session_token" = $1 AND "users"."id" != $2 LIMIT $3[0m  [["session_token", "4zLMbVJhgGyAnLA-kKU5mg"], ["id", 2], ["LIMIT", 1]]
  ↳ app/models/user.rb:38
  [1m[36mUser Update (0.4ms)[0m  [1m[33mUPDATE "users" SET "session_token" = $1, "updated_at" = $2 WHERE "users"."id" = $3[0m  [["session_token", "4zLMbVJhgGyAnLA-kKU5mg"], ["updated_at", "2020-05-20 23:17:01.083975"], ["id", 2]]
  ↳ app/models/user.rb:38
  [1m[35m (0.3ms)[0m  [1m[35mCOMMIT[0m
  ↳ app/models/user.rb:38
Redirected to http://localhost:3000/session/new
Completed 302 Found in 6ms (ActiveRecord: 1.7ms)


Started GET "/session/new" for ::1 at 2020-05-20 16:17:01 -0700
Processing by SessionsController#new as HTML
  Rendering sessions/new.html.erb within layouts/application
  Rendered sessions/new.html.erb within layouts/application (0.5ms)
  [1m[36mUser Load (0.3ms)[0m  [1m[34mSELECT  "users".* FROM "users" WHERE "users"."session_token" IS NULL LIMIT $1[0m  [["LIMIT", 1]]
  ↳ app/controllers/application_controller.rb:6
Completed 200 OK in 21ms (Views: 20.6ms | ActiveRecord: 0.3ms)


Started GET "/session/new" for ::1 at 2020-05-20 16:17:04 -0700
Processing by SessionsController#new as HTML
  Rendering sessions/new.html.erb within layouts/application
  Rendered sessions/new.html.erb within layouts/application (0.6ms)
  [1m[36mUser Load (0.5ms)[0m  [1m[34mSELECT  "users".* FROM "users" WHERE "users"."session_token" IS NULL LIMIT $1[0m  [["LIMIT", 1]]
  ↳ app/controllers/application_controller.rb:6
Completed 200 OK in 24ms (Views: 22.7ms | ActiveRecord: 0.5ms)


Started POST "/session" for ::1 at 2020-05-20 16:17:18 -0700
Processing by SessionsController#create as HTML
  Parameters: {"authenticity_token"=>"gsdZ+ffL8Ca8lPnfGF1QsayF3eszX7YC+i3TNkAYYEao3+gTzUrnMgjrLlYd9fe+RsjAYEOnpFJj4t4Ag2x+tw==", "user"=>{"username"=>"Ashe", "password"=>"[FILTERED]"}}
  [1m[36mUser Load (0.3ms)[0m  [1m[34mSELECT  "users".* FROM "users" WHERE "users"."username" = $1 LIMIT $2[0m  [["username", "Ashe"], ["LIMIT", 1]]
  ↳ app/models/user.rb:23
  [1m[35m (0.2ms)[0m  [1m[35mBEGIN[0m
  ↳ app/models/user.rb:38
  [1m[36mUser Exists (0.4ms)[0m  [1m[34mSELECT  1 AS one FROM "users" WHERE "users"."username" = $1 AND "users"."id" != $2 LIMIT $3[0m  [["username", "Ashe"], ["id", 2], ["LIMIT", 1]]
  ↳ app/models/user.rb:38
  [1m[36mUser Exists (0.3ms)[0m  [1m[34mSELECT  1 AS one FROM "users" WHERE "users"."session_token" = $1 AND "users"."id" != $2 LIMIT $3[0m  [["session_token", "02r_q7vzqAkub4ZLWZHNKA"], ["id", 2], ["LIMIT", 1]]
  ↳ app/models/user.rb:38
  [1m[36mUser Update (0.3ms)[0m  [1m[33mUPDATE "users" SET "session_token" = $1, "updated_at" = $2 WHERE "users"."id" = $3[0m  [["session_token", "02r_q7vzqAkub4ZLWZHNKA"], ["updated_at", "2020-05-20 23:17:18.384697"], ["id", 2]]
  ↳ app/models/user.rb:38
  [1m[35m (0.5ms)[0m  [1m[35mCOMMIT[0m
  ↳ app/models/user.rb:38
Redirected to http://localhost:3000/users/2
Completed 302 Found in 259ms (ActiveRecord: 2.0ms)


Started GET "/users/2" for ::1 at 2020-05-20 16:17:18 -0700
Processing by UsersController#show as HTML
  Parameters: {"id"=>"2"}
  [1m[36mUser Load (0.2ms)[0m  [1m[34mSELECT  "users".* FROM "users" WHERE "users"."id" = $1 LIMIT $2[0m  [["id", 2], ["LIMIT", 1]]
  ↳ app/controllers/users_controller.rb:22
  Rendering users/show.html.erb within layouts/application
  Rendered users/show.html.erb within layouts/application (0.4ms)
  [1m[36mUser Load (0.3ms)[0m  [1m[34mSELECT  "users".* FROM "users" WHERE "users"."session_token" = $1 LIMIT $2[0m  [["session_token", "02r_q7vzqAkub4ZLWZHNKA"], ["LIMIT", 1]]
  ↳ app/controllers/application_controller.rb:6
Completed 200 OK in 20ms (Views: 18.4ms | ActiveRecord: 0.5ms)


Started DELETE "/session" for ::1 at 2020-05-20 16:17:22 -0700
Processing by SessionsController#destroy as HTML
  Parameters: {"authenticity_token"=>"mrseAS1Weyd83KH8nvYSXB7Q21ohHshJIXeVQ+mSFVmwo6/rF9dsM8ijdnWbXrVT9J3G0VHm2hm4uJh1KuYLqA=="}
  [1m[36mUser Load (0.3ms)[0m  [1m[34mSELECT  "users".* FROM "users" WHERE "users"."session_token" = $1 LIMIT $2[0m  [["session_token", "02r_q7vzqAkub4ZLWZHNKA"], ["LIMIT", 1]]
  ↳ app/controllers/application_controller.rb:6
  [1m[35m (0.1ms)[0m  [1m[35mBEGIN[0m
  ↳ app/models/user.rb:38
  [1m[36mUser Exists (0.4ms)[0m  [1m[34mSELECT  1 AS one FROM "users" WHERE "users"."username" = $1 AND "users"."id" != $2 LIMIT $3[0m  [["username", "Ashe"], ["id", 2], ["LIMIT", 1]]
  ↳ app/models/user.rb:38
  [1m[36mUser Exists (0.3ms)[0m  [1m[34mSELECT  1 AS one FROM "users" WHERE "users"."session_token" = $1 AND "users"."id" != $2 LIMIT $3[0m  [["session_token", "WSD9WynD9iSXP4Uz0GkOKw"], ["id", 2], ["LIMIT", 1]]
  ↳ app/models/user.rb:38
  [1m[36mUser Update (0.4ms)[0m  [1m[33mUPDATE "users" SET "session_token" = $1, "updated_at" = $2 WHERE "users"."id" = $3[0m  [["session_token", "WSD9WynD9iSXP4Uz0GkOKw"], ["updated_at", "2020-05-20 23:17:22.802985"], ["id", 2]]
  ↳ app/models/user.rb:38
  [1m[35m (0.6ms)[0m  [1m[35mCOMMIT[0m
  ↳ app/models/user.rb:38
Redirected to http://localhost:3000/session/new
Completed 302 Found in 6ms (ActiveRecord: 2.1ms)


Started GET "/session/new" for ::1 at 2020-05-20 16:17:22 -0700
Processing by SessionsController#new as HTML
  Rendering sessions/new.html.erb within layouts/application
  Rendered sessions/new.html.erb within layouts/application (0.5ms)
  [1m[36mUser Load (0.3ms)[0m  [1m[34mSELECT  "users".* FROM "users" WHERE "users"."session_token" IS NULL LIMIT $1[0m  [["LIMIT", 1]]
  ↳ app/controllers/application_controller.rb:6
Completed 200 OK in 20ms (Views: 19.0ms | ActiveRecord: 0.3ms)


Started POST "/session" for ::1 at 2020-05-20 16:17:28 -0700
Processing by SessionsController#create as HTML
  Parameters: {"authenticity_token"=>"Ftkhz2hIJFubk0otZnKx5EM0KcazcMzWkCB08QdZDfI8wZAlUskzTy/snaRj2hbrqXk0TcOI3oYJ73nHxC0TAw==", "user"=>{"username"=>"ASHe", "password"=>"[FILTERED]"}}
  [1m[36mUser Load (0.3ms)[0m  [1m[34mSELECT  "users".* FROM "users" WHERE "users"."username" = $1 LIMIT $2[0m  [["username", "ASHe"], ["LIMIT", 1]]
  ↳ app/models/user.rb:23
  Rendering sessions/new.html.erb within layouts/application
  Rendered sessions/new.html.erb within layouts/application (0.6ms)
  [1m[36mUser Load (0.3ms)[0m  [1m[34mSELECT  "users".* FROM "users" WHERE "users"."session_token" IS NULL LIMIT $1[0m  [["LIMIT", 1]]
  ↳ app/controllers/application_controller.rb:6
Completed 200 OK in 21ms (Views: 19.7ms | ActiveRecord: 0.6ms)


Started GET "/users/new" for ::1 at 2020-05-20 16:17:41 -0700
Processing by UsersController#new as HTML
  Rendering users/new.html.erb within layouts/application
  Rendered users/new.html.erb within layouts/application (0.7ms)
  [1m[36mUser Load (0.2ms)[0m  [1m[34mSELECT  "users".* FROM "users" WHERE "users"."session_token" IS NULL LIMIT $1[0m  [["LIMIT", 1]]
  ↳ app/controllers/application_controller.rb:6
Completed 200 OK in 26ms (Views: 23.6ms | ActiveRecord: 0.2ms)


Started POST "/users" for ::1 at 2020-05-20 16:17:54 -0700
Processing by UsersController#create as HTML
  Parameters: {"authenticity_token"=>"QBZXFZrnya1oJrbPuTeDdbrxSK9aEx+SJKvKlihw5R1qDub/oGbeudxZYUa8nyR6ULxVJCrrDcK9ZMeg6wT77A==", "user"=>{"username"=>"ASHe", "password"=>"[FILTERED]"}}
  [1m[35m (0.1ms)[0m  [1m[35mBEGIN[0m
  ↳ app/controllers/users_controller.rb:12
  [1m[36mUser Exists (0.3ms)[0m  [1m[34mSELECT  1 AS one FROM "users" WHERE "users"."username" = $1 LIMIT $2[0m  [["username", "ASHe"], ["LIMIT", 1]]
  ↳ app/controllers/users_controller.rb:12
  [1m[36mUser Exists (0.2ms)[0m  [1m[34mSELECT  1 AS one FROM "users" WHERE "users"."session_token" = $1 LIMIT $2[0m  [["session_token", "kXvs4CohAh1CgGBD94-eDg"], ["LIMIT", 1]]
  ↳ app/controllers/users_controller.rb:12
  [1m[36mUser Create (0.3ms)[0m  [1m[32mINSERT INTO "users" ("username", "password_digest", "session_token", "created_at", "updated_at") VALUES ($1, $2, $3, $4, $5) RETURNING "id"[0m  [["username", "ASHe"], ["password_digest", "$2a$12$YIDHhtTXWEPRbxqcyHIQ5.XTHpelM20tkd/QLn87Pimso/2/FynMu"], ["session_token", "kXvs4CohAh1CgGBD94-eDg"], ["created_at", "2020-05-20 23:17:54.554914"], ["updated_at", "2020-05-20 23:17:54.554914"]]
  ↳ app/controllers/users_controller.rb:12
  [1m[35m (0.3ms)[0m  [1m[35mCOMMIT[0m
  ↳ app/controllers/users_controller.rb:12
  [1m[35m (0.1ms)[0m  [1m[35mBEGIN[0m
  ↳ app/models/user.rb:38
  [1m[36mUser Exists (0.3ms)[0m  [1m[34mSELECT  1 AS one FROM "users" WHERE "users"."username" = $1 AND "users"."id" != $2 LIMIT $3[0m  [["username", "ASHe"], ["id", 3], ["LIMIT", 1]]
  ↳ app/models/user.rb:38
  [1m[36mUser Exists (0.3ms)[0m  [1m[34mSELECT  1 AS one FROM "users" WHERE "users"."session_token" = $1 AND "users"."id" != $2 LIMIT $3[0m  [["session_token", "X3PwD7YE7Ncf0h7MpdddOA"], ["id", 3], ["LIMIT", 1]]
  ↳ app/models/user.rb:38
  [1m[36mUser Update (0.4ms)[0m  [1m[33mUPDATE "users" SET "session_token" = $1, "updated_at" = $2 WHERE "users"."id" = $3[0m  [["session_token", "X3PwD7YE7Ncf0h7MpdddOA"], ["updated_at", "2020-05-20 23:17:54.558811"], ["id", 3]]
  ↳ app/models/user.rb:38
  [1m[35m (0.3ms)[0m  [1m[35mCOMMIT[0m
  ↳ app/models/user.rb:38
Redirected to http://localhost:3000/users/3
Completed 302 Found in 262ms (ActiveRecord: 2.7ms)


Started GET "/users/3" for ::1 at 2020-05-20 16:17:54 -0700
Processing by UsersController#show as HTML
  Parameters: {"id"=>"3"}
  [1m[36mUser Load (0.2ms)[0m  [1m[34mSELECT  "users".* FROM "users" WHERE "users"."id" = $1 LIMIT $2[0m  [["id", 3], ["LIMIT", 1]]
  ↳ app/controllers/users_controller.rb:22
  Rendering users/show.html.erb within layouts/application
  Rendered users/show.html.erb within layouts/application (0.3ms)
  [1m[36mUser Load (0.2ms)[0m  [1m[34mSELECT  "users".* FROM "users" WHERE "users"."session_token" = $1 LIMIT $2[0m  [["session_token", "X3PwD7YE7Ncf0h7MpdddOA"], ["LIMIT", 1]]
  ↳ app/controllers/application_controller.rb:6
Completed 200 OK in 21ms (Views: 20.0ms | ActiveRecord: 0.4ms)


Started DELETE "/session" for ::1 at 2020-05-20 16:18:02 -0700
Processing by SessionsController#destroy as HTML
  Parameters: {"authenticity_token"=>"IgCa4SNmbOVLZ1s+Dv7Ha2ryFfZN2FZi2hXO90FaezkIGCsLGed78f8YjLcLVmBkgL8IfT0gRDJD2sPBgi5lyA=="}
  [1m[36mUser Load (0.2ms)[0m  [1m[34mSELECT  "users".* FROM "users" WHERE "users"."session_token" = $1 LIMIT $2[0m  [["session_token", "X3PwD7YE7Ncf0h7MpdddOA"], ["LIMIT", 1]]
  ↳ app/controllers/application_controller.rb:6
  [1m[35m (0.1ms)[0m  [1m[35mBEGIN[0m
  ↳ app/models/user.rb:38
  [1m[36mUser Exists (0.4ms)[0m  [1m[34mSELECT  1 AS one FROM "users" WHERE "users"."username" = $1 AND "users"."id" != $2 LIMIT $3[0m  [["username", "ASHe"], ["id", 3], ["LIMIT", 1]]
  ↳ app/models/user.rb:38
  [1m[36mUser Exists (0.3ms)[0m  [1m[34mSELECT  1 AS one FROM "users" WHERE "users"."session_token" = $1 AND "users"."id" != $2 LIMIT $3[0m  [["session_token", "lDEbvK0RyA_uhlILoI8zLw"], ["id", 3], ["LIMIT", 1]]
  ↳ app/models/user.rb:38
  [1m[36mUser Update (0.4ms)[0m  [1m[33mUPDATE "users" SET "session_token" = $1, "updated_at" = $2 WHERE "users"."id" = $3[0m  [["session_token", "lDEbvK0RyA_uhlILoI8zLw"], ["updated_at", "2020-05-20 23:18:02.291810"], ["id", 3]]
  ↳ app/models/user.rb:38
  [1m[35m (0.6ms)[0m  [1m[35mCOMMIT[0m
  ↳ app/models/user.rb:38
Redirected to http://localhost:3000/session/new
Completed 302 Found in 6ms (ActiveRecord: 2.0ms)


Started GET "/session/new" for ::1 at 2020-05-20 16:18:02 -0700
Processing by SessionsController#new as HTML
  Rendering sessions/new.html.erb within layouts/application
  Rendered sessions/new.html.erb within layouts/application (0.5ms)
  [1m[36mUser Load (0.2ms)[0m  [1m[34mSELECT  "users".* FROM "users" WHERE "users"."session_token" IS NULL LIMIT $1[0m  [["LIMIT", 1]]
  ↳ app/controllers/application_controller.rb:6
Completed 200 OK in 22ms (Views: 21.0ms | ActiveRecord: 0.2ms)


Started GET "/users/new" for ::1 at 2020-05-20 16:18:04 -0700
Processing by UsersController#new as HTML
  Rendering users/new.html.erb within layouts/application
  Rendered users/new.html.erb within layouts/application (0.6ms)
  [1m[36mUser Load (0.3ms)[0m  [1m[34mSELECT  "users".* FROM "users" WHERE "users"."session_token" IS NULL LIMIT $1[0m  [["LIMIT", 1]]
  ↳ app/controllers/application_controller.rb:6
Completed 200 OK in 26ms (Views: 23.6ms | ActiveRecord: 0.3ms)


Started GET "/session/new" for ::1 at 2020-05-20 16:18:06 -0700
Processing by SessionsController#new as HTML
  Rendering sessions/new.html.erb within layouts/application
  Rendered sessions/new.html.erb within layouts/application (0.7ms)
  [1m[36mUser Load (0.3ms)[0m  [1m[34mSELECT  "users".* FROM "users" WHERE "users"."session_token" IS NULL LIMIT $1[0m  [["LIMIT", 1]]
  ↳ app/controllers/application_controller.rb:6
Completed 200 OK in 28ms (Views: 26.7ms | ActiveRecord: 0.3ms)


Started GET "/users/new" for ::1 at 2020-05-20 16:18:13 -0700
Processing by UsersController#new as HTML
  Rendering users/new.html.erb within layouts/application
  Rendered users/new.html.erb within layouts/application (0.5ms)
  [1m[36mUser Load (0.3ms)[0m  [1m[34mSELECT  "users".* FROM "users" WHERE "users"."session_token" IS NULL LIMIT $1[0m  [["LIMIT", 1]]
  ↳ app/controllers/application_controller.rb:6
Completed 200 OK in 24ms (Views: 21.2ms | ActiveRecord: 0.3ms)


Started GET "/users/" for ::1 at 2020-05-20 16:18:18 -0700
Processing by UsersController#index as HTML
  Rendering users/index.html.erb within layouts/application
  Rendered users/index.html.erb within layouts/application (0.3ms)
  [1m[36mUser Load (0.2ms)[0m  [1m[34mSELECT  "users".* FROM "users" WHERE "users"."session_token" IS NULL LIMIT $1[0m  [["LIMIT", 1]]
  ↳ app/controllers/application_controller.rb:6
Completed 200 OK in 24ms (Views: 21.3ms | ActiveRecord: 0.2ms)


Started GET "/users/new" for ::1 at 2020-05-20 16:19:56 -0700
Processing by UsersController#new as HTML
  Rendering users/new.html.erb within layouts/application
  Rendered users/new.html.erb within layouts/application (1.0ms)
  [1m[36mUser Load (0.4ms)[0m  [1m[34mSELECT  "users".* FROM "users" WHERE "users"."session_token" IS NULL LIMIT $1[0m  [["LIMIT", 1]]
  ↳ app/controllers/application_controller.rb:6
Completed 200 OK in 48ms (Views: 43.8ms | ActiveRecord: 0.4ms)


Started GET "/session/new" for ::1 at 2020-05-20 16:22:05 -0700
Processing by SessionsController#new as HTML
  Rendering sessions/new.html.erb within layouts/application
  Rendered sessions/new.html.erb within layouts/application (0.8ms)
  [1m[36mUser Load (0.3ms)[0m  [1m[34mSELECT  "users".* FROM "users" WHERE "users"."session_token" IS NULL LIMIT $1[0m  [["LIMIT", 1]]
  ↳ app/controllers/application_controller.rb:6
Completed 200 OK in 28ms (Views: 27.3ms | ActiveRecord: 0.3ms)


Started POST "/session" for ::1 at 2020-05-20 16:22:12 -0700
Processing by SessionsController#create as HTML
  Parameters: {"authenticity_token"=>"Cq/tHq6k9XUbtvTQ3v4rhH0kF06PRsXqk/6bG0ItMu4gt1z0lCXiYa/JI1nbVoyLl2kKxf++17oKMZYtgVksHw==", "user"=>{"username"=>"Mapa", "password"=>"[FILTERED]"}}
  [1m[36mUser Load (0.4ms)[0m  [1m[34mSELECT  "users".* FROM "users" WHERE "users"."username" = $1 LIMIT $2[0m  [["username", "Mapa"], ["LIMIT", 1]]
  ↳ app/models/user.rb:23
  [1m[35m (0.2ms)[0m  [1m[35mBEGIN[0m
  ↳ app/models/user.rb:38
  [1m[36mUser Exists (0.5ms)[0m  [1m[34mSELECT  1 AS one FROM "users" WHERE "users"."username" = $1 AND "users"."id" != $2 LIMIT $3[0m  [["username", "Mapa"], ["id", 1], ["LIMIT", 1]]
  ↳ app/models/user.rb:38
  [1m[36mUser Exists (0.4ms)[0m  [1m[34mSELECT  1 AS one FROM "users" WHERE "users"."session_token" = $1 AND "users"."id" != $2 LIMIT $3[0m  [["session_token", "eCoR77LFcenaGtMeLqXeSg"], ["id", 1], ["LIMIT", 1]]
  ↳ app/models/user.rb:38
  [1m[36mUser Update (0.5ms)[0m  [1m[33mUPDATE "users" SET "session_token" = $1, "updated_at" = $2 WHERE "users"."id" = $3[0m  [["session_token", "eCoR77LFcenaGtMeLqXeSg"], ["updated_at", "2020-05-20 23:22:13.191205"], ["id", 1]]
  ↳ app/models/user.rb:38
  [1m[35m (0.7ms)[0m  [1m[35mCOMMIT[0m
  ↳ app/models/user.rb:38
Redirected to http://localhost:3000/users/1
Completed 302 Found in 363ms (ActiveRecord: 2.6ms)


Started GET "/users/1" for ::1 at 2020-05-20 16:22:13 -0700
Processing by UsersController#show as HTML
  Parameters: {"id"=>"1"}
  [1m[36mUser Load (0.3ms)[0m  [1m[34mSELECT  "users".* FROM "users" WHERE "users"."id" = $1 LIMIT $2[0m  [["id", 1], ["LIMIT", 1]]
  ↳ app/controllers/users_controller.rb:22
  Rendering users/show.html.erb within layouts/application
  Rendered users/show.html.erb within layouts/application (0.4ms)
  [1m[36mUser Load (0.4ms)[0m  [1m[34mSELECT  "users".* FROM "users" WHERE "users"."session_token" = $1 LIMIT $2[0m  [["session_token", "eCoR77LFcenaGtMeLqXeSg"], ["LIMIT", 1]]
  ↳ app/controllers/application_controller.rb:6
Completed 200 OK in 30ms (Views: 27.9ms | ActiveRecord: 0.6ms)


Started DELETE "/session" for ::1 at 2020-05-20 16:24:24 -0700
Processing by SessionsController#destroy as HTML
  Parameters: {"authenticity_token"=>"XAVuv6ap6z7tkTOpdUEL+H3cxnUBYQ1UcPTvxchs10V2Hd9VnCj8Klnu5CBw6az3l5Hb/nGZHwTpO+LzCxjJtA=="}
  [1m[36mUser Load (0.4ms)[0m  [1m[34mSELECT  "users".* FROM "users" WHERE "users"."session_token" = $1 LIMIT $2[0m  [["session_token", "eCoR77LFcenaGtMeLqXeSg"], ["LIMIT", 1]]
  ↳ app/controllers/application_controller.rb:6
  [1m[35m (0.2ms)[0m  [1m[35mBEGIN[0m
  ↳ app/models/user.rb:38
  [1m[36mUser Exists (0.6ms)[0m  [1m[34mSELECT  1 AS one FROM "users" WHERE "users"."username" = $1 AND "users"."id" != $2 LIMIT $3[0m  [["username", "Mapa"], ["id", 1], ["LIMIT", 1]]
  ↳ app/models/user.rb:38
  [1m[36mUser Exists (0.5ms)[0m  [1m[34mSELECT  1 AS one FROM "users" WHERE "users"."session_token" = $1 AND "users"."id" != $2 LIMIT $3[0m  [["session_token", "nFpHV1D269xOjkopP0pfXA"], ["id", 1], ["LIMIT", 1]]
  ↳ app/models/user.rb:38
  [1m[36mUser Update (0.7ms)[0m  [1m[33mUPDATE "users" SET "session_token" = $1, "updated_at" = $2 WHERE "users"."id" = $3[0m  [["session_token", "nFpHV1D269xOjkopP0pfXA"], ["updated_at", "2020-05-20 23:24:24.772256"], ["id", 1]]
  ↳ app/models/user.rb:38
  [1m[35m (0.7ms)[0m  [1m[35mCOMMIT[0m
  ↳ app/models/user.rb:38
Redirected to http://localhost:3000/session/new
Completed 302 Found in 10ms (ActiveRecord: 3.2ms)


Started GET "/session/new" for ::1 at 2020-05-20 16:24:24 -0700
Processing by SessionsController#new as HTML
  Rendering sessions/new.html.erb within layouts/application
  Rendered sessions/new.html.erb within layouts/application (0.8ms)
  [1m[36mUser Load (0.4ms)[0m  [1m[34mSELECT  "users".* FROM "users" WHERE "users"."session_token" IS NULL LIMIT $1[0m  [["LIMIT", 1]]
  ↳ app/controllers/application_controller.rb:6
Completed 200 OK in 40ms (Views: 38.3ms | ActiveRecord: 0.4ms)


Started GET "/users/new" for ::1 at 2020-05-20 16:29:15 -0700
Processing by UsersController#new as HTML
  Rendering users/new.html.erb within layouts/application
  Rendered users/new.html.erb within layouts/application (0.8ms)
  [1m[36mUser Load (0.4ms)[0m  [1m[34mSELECT  "users".* FROM "users" WHERE "users"."session_token" IS NULL LIMIT $1[0m  [["LIMIT", 1]]
  ↳ app/controllers/application_controller.rb:6
Completed 200 OK in 38ms (Views: 34.3ms | ActiveRecord: 0.4ms)


Started GET "/session/new" for ::1 at 2020-05-20 16:29:20 -0700
Processing by SessionsController#new as HTML
  Rendering sessions/new.html.erb within layouts/application
  Rendered sessions/new.html.erb within layouts/application (0.8ms)
  [1m[36mUser Load (0.4ms)[0m  [1m[34mSELECT  "users".* FROM "users" WHERE "users"."session_token" IS NULL LIMIT $1[0m  [["LIMIT", 1]]
  ↳ app/controllers/application_controller.rb:6
Completed 200 OK in 39ms (Views: 37.3ms | ActiveRecord: 0.4ms)


Started POST "/session" for ::1 at 2020-05-20 16:29:50 -0700
Processing by SessionsController#create as HTML
  Parameters: {"authenticity_token"=>"ylZyA3nyffTxs2OfvtyY3zR+0Awt+tehzwRGZIufxUTgTsPpQ3Nq4EXMtBa7dD/Q3jPNh10CxfFWy0tSSOvbtQ==", "user"=>{"username"=>"Mapa", "password"=>"[FILTERED]"}}
  [1m[36mUser Load (0.5ms)[0m  [1m[34mSELECT  "users".* FROM "users" WHERE "users"."username" = $1 LIMIT $2[0m  [["username", "Mapa"], ["LIMIT", 1]]
  ↳ app/models/user.rb:23
  [1m[35m (0.2ms)[0m  [1m[35mBEGIN[0m
  ↳ app/models/user.rb:38
  [1m[36mUser Exists (0.5ms)[0m  [1m[34mSELECT  1 AS one FROM "users" WHERE "users"."username" = $1 AND "users"."id" != $2 LIMIT $3[0m  [["username", "Mapa"], ["id", 1], ["LIMIT", 1]]
  ↳ app/models/user.rb:38
  [1m[36mUser Exists (0.4ms)[0m  [1m[34mSELECT  1 AS one FROM "users" WHERE "users"."session_token" = $1 AND "users"."id" != $2 LIMIT $3[0m  [["session_token", "E34hOf-B7OBp2esYa_4Qag"], ["id", 1], ["LIMIT", 1]]
  ↳ app/models/user.rb:38
  [1m[36mUser Update (0.6ms)[0m  [1m[33mUPDATE "users" SET "session_token" = $1, "updated_at" = $2 WHERE "users"."id" = $3[0m  [["session_token", "E34hOf-B7OBp2esYa_4Qag"], ["updated_at", "2020-05-20 23:29:51.154231"], ["id", 1]]
  ↳ app/models/user.rb:38
  [1m[35m (0.7ms)[0m  [1m[35mCOMMIT[0m
  ↳ app/models/user.rb:38
Redirected to http://localhost:3000/users/1
Completed 302 Found in 400ms (ActiveRecord: 2.9ms)


Started GET "/users/1" for ::1 at 2020-05-20 16:29:51 -0700
Processing by UsersController#show as HTML
  Parameters: {"id"=>"1"}
  [1m[36mUser Load (0.3ms)[0m  [1m[34mSELECT  "users".* FROM "users" WHERE "users"."id" = $1 LIMIT $2[0m  [["id", 1], ["LIMIT", 1]]
  ↳ app/controllers/users_controller.rb:22
  Rendering users/show.html.erb within layouts/application
  Rendered users/show.html.erb within layouts/application (0.4ms)
  [1m[36mUser Load (0.4ms)[0m  [1m[34mSELECT  "users".* FROM "users" WHERE "users"."session_token" = $1 LIMIT $2[0m  [["session_token", "E34hOf-B7OBp2esYa_4Qag"], ["LIMIT", 1]]
  ↳ app/controllers/application_controller.rb:6
Completed 200 OK in 41ms (Views: 39.0ms | ActiveRecord: 0.6ms)


Started DELETE "/session" for ::1 at 2020-05-20 16:29:54 -0700
Processing by SessionsController#destroy as HTML
  Parameters: {"authenticity_token"=>"ElnxXBCpFfX5tea/XK+VKm/hCA4r5HuqH0XVQlEyumU4QUC2KigC4U3KMTZZBzIlhawVhVscafqGith0kkaklA=="}
  [1m[36mUser Load (0.3ms)[0m  [1m[34mSELECT  "users".* FROM "users" WHERE "users"."session_token" = $1 LIMIT $2[0m  [["session_token", "E34hOf-B7OBp2esYa_4Qag"], ["LIMIT", 1]]
  ↳ app/controllers/application_controller.rb:6
  [1m[35m (0.2ms)[0m  [1m[35mBEGIN[0m
  ↳ app/models/user.rb:38
  [1m[36mUser Exists (0.6ms)[0m  [1m[34mSELECT  1 AS one FROM "users" WHERE "users"."username" = $1 AND "users"."id" != $2 LIMIT $3[0m  [["username", "Mapa"], ["id", 1], ["LIMIT", 1]]
  ↳ app/models/user.rb:38
  [1m[36mUser Exists (0.9ms)[0m  [1m[34mSELECT  1 AS one FROM "users" WHERE "users"."session_token" = $1 AND "users"."id" != $2 LIMIT $3[0m  [["session_token", "CwcvxecII6XRfdaV88saaA"], ["id", 1], ["LIMIT", 1]]
  ↳ app/models/user.rb:38
  [1m[36mUser Update (0.8ms)[0m  [1m[33mUPDATE "users" SET "session_token" = $1, "updated_at" = $2 WHERE "users"."id" = $3[0m  [["session_token", "CwcvxecII6XRfdaV88saaA"], ["updated_at", "2020-05-20 23:29:54.727463"], ["id", 1]]
  ↳ app/models/user.rb:38
  [1m[35m (0.7ms)[0m  [1m[35mCOMMIT[0m
  ↳ app/models/user.rb:38
Redirected to http://localhost:3000/session/new
Completed 302 Found in 10ms (ActiveRecord: 3.5ms)


Started GET "/session/new" for ::1 at 2020-05-20 16:29:54 -0700
Processing by SessionsController#new as HTML
  Rendering sessions/new.html.erb within layouts/application
  Rendered sessions/new.html.erb within layouts/application (0.7ms)
  [1m[36mUser Load (0.5ms)[0m  [1m[34mSELECT  "users".* FROM "users" WHERE "users"."session_token" IS NULL LIMIT $1[0m  [["LIMIT", 1]]
  ↳ app/controllers/application_controller.rb:6
Completed 200 OK in 31ms (Views: 29.9ms | ActiveRecord: 0.5ms)


Started GET "/session/new" for ::1 at 2020-05-20 16:35:31 -0700
Processing by SessionsController#new as HTML
  Rendering sessions/new.html.erb within layouts/application
  Rendered sessions/new.html.erb within layouts/application (0.8ms)
  [1m[36mUser Load (1.0ms)[0m  [1m[34mSELECT  "users".* FROM "users" WHERE "users"."session_token" IS NULL LIMIT $1[0m  [["LIMIT", 1]]
  ↳ app/controllers/application_controller.rb:6
Completed 200 OK in 39ms (Views: 37.0ms | ActiveRecord: 1.3ms)


Started POST "/session" for ::1 at 2020-05-20 16:35:39 -0700
Processing by SessionsController#create as HTML
  Parameters: {"authenticity_token"=>"Jy5s897jif3uretPZXz8/FbzNHqgxH8kb3stAIfBa7cNNt0Z5GKe6VrSPMZg1FvzvL4p8dA8bXT2tCA2RLV1Rg==", "user"=>{"username"=>"Ashe", "password"=>"[FILTERED]"}}
  [1m[36mUser Load (0.6ms)[0m  [1m[34mSELECT  "users".* FROM "users" WHERE "users"."username" = $1 LIMIT $2[0m  [["username", "Ashe"], ["LIMIT", 1]]
  ↳ app/models/user.rb:23
  [1m[35m (0.2ms)[0m  [1m[35mBEGIN[0m
  ↳ app/models/user.rb:38
  [1m[36mUser Exists (0.7ms)[0m  [1m[34mSELECT  1 AS one FROM "users" WHERE "users"."username" = $1 AND "users"."id" != $2 LIMIT $3[0m  [["username", "Ashe"], ["id", 2], ["LIMIT", 1]]
  ↳ app/models/user.rb:38
  [1m[36mUser Exists (0.6ms)[0m  [1m[34mSELECT  1 AS one FROM "users" WHERE "users"."session_token" = $1 AND "users"."id" != $2 LIMIT $3[0m  [["session_token", "20pB2Xze5hkkb4TMYxvVUg"], ["id", 2], ["LIMIT", 1]]
  ↳ app/models/user.rb:38
  [1m[36mUser Update (0.9ms)[0m  [1m[33mUPDATE "users" SET "session_token" = $1, "updated_at" = $2 WHERE "users"."id" = $3[0m  [["session_token", "20pB2Xze5hkkb4TMYxvVUg"], ["updated_at", "2020-05-20 23:35:39.702377"], ["id", 2]]
  ↳ app/models/user.rb:38
  [1m[35m (0.8ms)[0m  [1m[35mCOMMIT[0m
  ↳ app/models/user.rb:38
Redirected to http://localhost:3000/users/2
Completed 302 Found in 423ms (ActiveRecord: 3.9ms)


Started GET "/users/2" for ::1 at 2020-05-20 16:35:39 -0700
Processing by UsersController#show as HTML
  Parameters: {"id"=>"2"}
  [1m[36mUser Load (0.6ms)[0m  [1m[34mSELECT  "users".* FROM "users" WHERE "users"."id" = $1 LIMIT $2[0m  [["id", 2], ["LIMIT", 1]]
  ↳ app/controllers/users_controller.rb:22
  Rendering users/show.html.erb within layouts/application
  Rendered users/show.html.erb within layouts/application (0.5ms)
  [1m[36mUser Load (0.5ms)[0m  [1m[34mSELECT  "users".* FROM "users" WHERE "users"."session_token" = $1 LIMIT $2[0m  [["session_token", "20pB2Xze5hkkb4TMYxvVUg"], ["LIMIT", 1]]
  ↳ app/controllers/application_controller.rb:6
Completed 200 OK in 34ms (Views: 31.7ms | ActiveRecord: 1.1ms)


Started DELETE "/session" for ::1 at 2020-05-20 16:45:18 -0700
Processing by SessionsController#destroy as HTML
  Parameters: {"authenticity_token"=>"9Z2DNQUL1xfR4ssAWRP8u0Sn9yRpRiwvrFoOrz7TbrffhTLfP4rAA2WdHIlcu1u0rurqrxm+Pn81lQOZ/adwRg=="}
  [1m[36mUser Load (1.3ms)[0m  [1m[34mSELECT  "users".* FROM "users" WHERE "users"."session_token" = $1 LIMIT $2[0m  [["session_token", "20pB2Xze5hkkb4TMYxvVUg"], ["LIMIT", 1]]
  ↳ app/controllers/application_controller.rb:6
  [1m[35m (0.3ms)[0m  [1m[35mBEGIN[0m
  ↳ app/models/user.rb:38
  [1m[36mUser Exists (1.1ms)[0m  [1m[34mSELECT  1 AS one FROM "users" WHERE "users"."username" = $1 AND "users"."id" != $2 LIMIT $3[0m  [["username", "Ashe"], ["id", 2], ["LIMIT", 1]]
  ↳ app/models/user.rb:38
  [1m[36mUser Exists (0.6ms)[0m  [1m[34mSELECT  1 AS one FROM "users" WHERE "users"."session_token" = $1 AND "users"."id" != $2 LIMIT $3[0m  [["session_token", "Z3ojtwYWnhCvOwKKiC55Eg"], ["id", 2], ["LIMIT", 1]]
  ↳ app/models/user.rb:38
  [1m[36mUser Update (1.5ms)[0m  [1m[33mUPDATE "users" SET "session_token" = $1, "updated_at" = $2 WHERE "users"."id" = $3[0m  [["session_token", "Z3ojtwYWnhCvOwKKiC55Eg"], ["updated_at", "2020-05-20 23:45:18.235218"], ["id", 2]]
  ↳ app/models/user.rb:38
  [1m[35m (1.0ms)[0m  [1m[35mCOMMIT[0m
  ↳ app/models/user.rb:38
Redirected to http://localhost:3000/session/new
Completed 302 Found in 16ms (ActiveRecord: 6.0ms)


Started GET "/session/new" for ::1 at 2020-05-20 16:45:18 -0700
Processing by SessionsController#new as HTML
  Rendering sessions/new.html.erb within layouts/application
  Rendered sessions/new.html.erb within layouts/application (0.7ms)
  [1m[36mUser Load (0.4ms)[0m  [1m[34mSELECT  "users".* FROM "users" WHERE "users"."session_token" IS NULL LIMIT $1[0m  [["LIMIT", 1]]
  ↳ app/controllers/application_controller.rb:6
Completed 200 OK in 41ms (Views: 39.7ms | ActiveRecord: 0.4ms)


Started POST "/session" for ::1 at 2020-05-20 16:45:28 -0700
Processing by SessionsController#create as HTML
  Parameters: {"authenticity_token"=>"TPNv2d70zCKLZipkQaRJXMvEzIdh20g0Ea7SMawk0WRm694z5HXbNj8Z/e1EDO5TIYnRDBEjWmSIYd8Hb1DPlQ==", "user"=>{"username"=>"Mapa", "password"=>"[FILTERED]"}}
  [1m[36mUser Load (0.6ms)[0m  [1m[34mSELECT  "users".* FROM "users" WHERE "users"."username" = $1 LIMIT $2[0m  [["username", "Mapa"], ["LIMIT", 1]]
  ↳ app/models/user.rb:23
  [1m[35m (0.3ms)[0m  [1m[35mBEGIN[0m
  ↳ app/models/user.rb:38
  [1m[36mUser Exists (0.6ms)[0m  [1m[34mSELECT  1 AS one FROM "users" WHERE "users"."username" = $1 AND "users"."id" != $2 LIMIT $3[0m  [["username", "Mapa"], ["id", 1], ["LIMIT", 1]]
  ↳ app/models/user.rb:38
  [1m[36mUser Exists (0.6ms)[0m  [1m[34mSELECT  1 AS one FROM "users" WHERE "users"."session_token" = $1 AND "users"."id" != $2 LIMIT $3[0m  [["session_token", "42tVFlML4KDCcSvRWqpAZw"], ["id", 1], ["LIMIT", 1]]
  ↳ app/models/user.rb:38
  [1m[36mUser Update (0.6ms)[0m  [1m[33mUPDATE "users" SET "session_token" = $1, "updated_at" = $2 WHERE "users"."id" = $3[0m  [["session_token", "42tVFlML4KDCcSvRWqpAZw"], ["updated_at", "2020-05-20 23:45:29.167204"], ["id", 1]]
  ↳ app/models/user.rb:38
  [1m[35m (0.7ms)[0m  [1m[35mCOMMIT[0m
  ↳ app/models/user.rb:38
Redirected to http://localhost:3000/users/1
Completed 302 Found in 428ms (ActiveRecord: 3.5ms)


Started GET "/users/1" for ::1 at 2020-05-20 16:45:29 -0700
Processing by UsersController#show as HTML
  Parameters: {"id"=>"1"}
  [1m[36mUser Load (0.5ms)[0m  [1m[34mSELECT  "users".* FROM "users" WHERE "users"."id" = $1 LIMIT $2[0m  [["id", 1], ["LIMIT", 1]]
  ↳ app/controllers/users_controller.rb:22
  Rendering users/show.html.erb within layouts/application
  Rendered users/show.html.erb within layouts/application (0.4ms)
  [1m[36mUser Load (0.5ms)[0m  [1m[34mSELECT  "users".* FROM "users" WHERE "users"."session_token" = $1 LIMIT $2[0m  [["session_token", "42tVFlML4KDCcSvRWqpAZw"], ["LIMIT", 1]]
  ↳ app/controllers/application_controller.rb:6
Completed 200 OK in 36ms (Views: 33.4ms | ActiveRecord: 1.0ms)


  [1m[35m (0.3ms)[0m  [1m[34mSELECT pg_try_advisory_lock(6603431597915282865)[0m
  ↳ bin/rails:9
  [1m[35m (1.2ms)[0m  [1m[34mSELECT "schema_migrations"."version" FROM "schema_migrations" ORDER BY "schema_migrations"."version" ASC[0m
  ↳ bin/rails:9
Migrating to CreateGoals (20200520234604)
  [1m[35m (0.2ms)[0m  [1m[35mBEGIN[0m
  ↳ bin/rails:9
  [1m[35m (12.2ms)[0m  [1m[35mCREATE TABLE "goals" ("id" bigserial primary key, "body" text NOT NULL, "user_id" integer NOT NULL, "public" boolean DEFAULT TRUE, "created_at" timestamp NOT NULL, "updated_at" timestamp NOT NULL)[0m
  ↳ db/migrate/20200520234604_create_goals.rb:3
  [1m[35m (1.7ms)[0m  [1m[35mCREATE  INDEX  "index_goals_on_user_id" ON "goals"  ("user_id")[0m
  ↳ db/migrate/20200520234604_create_goals.rb:9
  [1m[36mActiveRecord::SchemaMigration Create (0.6ms)[0m  [1m[32mINSERT INTO "schema_migrations" ("version") VALUES ($1) RETURNING "version"[0m  [["version", "20200520234604"]]
  ↳ bin/rails:9
  [1m[35m (0.7ms)[0m  [1m[35mCOMMIT[0m
  ↳ bin/rails:9
  [1m[36mActiveRecord::InternalMetadata Load (0.7ms)[0m  [1m[34mSELECT  "ar_internal_metadata".* FROM "ar_internal_metadata" WHERE "ar_internal_metadata"."key" = $1 LIMIT $2[0m  [["key", "environment"], ["LIMIT", 1]]
  ↳ bin/rails:9
  [1m[35m (0.2ms)[0m  [1m[35mBEGIN[0m
  ↳ bin/rails:9
  [1m[35m (0.2ms)[0m  [1m[35mCOMMIT[0m
  ↳ bin/rails:9
  [1m[35m (0.3ms)[0m  [1m[34mSELECT pg_advisory_unlock(6603431597915282865)[0m
  ↳ bin/rails:9
  [1m[35m (0.5ms)[0m  [1m[34mSELECT "schema_migrations"."version" FROM "schema_migrations" ORDER BY "schema_migrations"."version" ASC[0m
  ↳ bin/rails:9
  [1m[35m (1.5ms)[0m  [1m[34mSELECT "schema_migrations"."version" FROM "schema_migrations" ORDER BY "schema_migrations"."version" ASC[0m
  ↳ /Users/bryansillorequez/.rbenv/versions/2.5.1/bin/annotate:23
Started DELETE "/session" for ::1 at 2020-05-20 17:00:35 -0700
  [1m[35m (1.3ms)[0m  [1m[34mSELECT "schema_migrations"."version" FROM "schema_migrations" ORDER BY "schema_migrations"."version" ASC[0m
  ↳ /Users/bryansillorequez/.rbenv/versions/2.5.1/lib/ruby/gems/2.5.0/gems/activerecord-5.2.4.3/lib/active_record/log_subscriber.rb:98
Processing by SessionsController#destroy as HTML
  Parameters: {"authenticity_token"=>"oXnmFoyND7dm46AH+PNHEWJMDBHb1t3sCA5LOV/ENgGLYVf8tgwYo9Kcd479W+AeiAERmqsuz7yRwUYPnLAo8A=="}
  [1m[36mUser Load (1.0ms)[0m  [1m[34mSELECT  "users".* FROM "users" WHERE "users"."session_token" = $1 LIMIT $2[0m  [["session_token", "42tVFlML4KDCcSvRWqpAZw"], ["LIMIT", 1]]
  ↳ app/controllers/application_controller.rb:6
  [1m[35m (0.2ms)[0m  [1m[35mBEGIN[0m
  ↳ app/models/user.rb:40
  [1m[36mUser Exists (0.7ms)[0m  [1m[34mSELECT  1 AS one FROM "users" WHERE "users"."username" = $1 AND "users"."id" != $2 LIMIT $3[0m  [["username", "Mapa"], ["id", 1], ["LIMIT", 1]]
  ↳ app/models/user.rb:40
  [1m[36mUser Exists (0.5ms)[0m  [1m[34mSELECT  1 AS one FROM "users" WHERE "users"."session_token" = $1 AND "users"."id" != $2 LIMIT $3[0m  [["session_token", "8-TGjIruhqbPD2DVc610ag"], ["id", 1], ["LIMIT", 1]]
  ↳ app/models/user.rb:40
  [1m[36mUser Update (0.9ms)[0m  [1m[33mUPDATE "users" SET "session_token" = $1, "updated_at" = $2 WHERE "users"."id" = $3[0m  [["session_token", "8-TGjIruhqbPD2DVc610ag"], ["updated_at", "2020-05-21 00:00:35.773075"], ["id", 1]]
  ↳ app/models/user.rb:40
  [1m[35m (0.9ms)[0m  [1m[35mCOMMIT[0m
  ↳ app/models/user.rb:40
Redirected to http://localhost:3000/session/new
Completed 302 Found in 42ms (ActiveRecord: 17.8ms)


Started GET "/session/new" for ::1 at 2020-05-20 17:00:35 -0700
Processing by SessionsController#new as HTML
  Rendering sessions/new.html.erb within layouts/application
  Rendered sessions/new.html.erb within layouts/application (1.0ms)
  [1m[36mUser Load (0.4ms)[0m  [1m[34mSELECT  "users".* FROM "users" WHERE "users"."session_token" IS NULL LIMIT $1[0m  [["LIMIT", 1]]
  ↳ app/controllers/application_controller.rb:6
Completed 200 OK in 102ms (Views: 101.0ms | ActiveRecord: 0.4ms)


Started POST "/session" for ::1 at 2020-05-20 17:00:42 -0700
Processing by SessionsController#create as HTML
  Parameters: {"authenticity_token"=>"FToUq8IdC0K7DEGxSPKrLSJoWGECyLLtKCoiV5pw0Ps/IqVB+JwcVg9zljhNWgwiyCVF6nIwoL2x5S9hWQTOCg==", "user"=>{"username"=>"Ashe", "password"=>"[FILTERED]"}}
  [1m[36mUser Load (0.5ms)[0m  [1m[34mSELECT  "users".* FROM "users" WHERE "users"."username" = $1 LIMIT $2[0m  [["username", "Ashe"], ["LIMIT", 1]]
  ↳ app/models/user.rb:25
  [1m[35m (0.3ms)[0m  [1m[35mBEGIN[0m
  ↳ app/models/user.rb:40
  [1m[36mUser Exists (0.5ms)[0m  [1m[34mSELECT  1 AS one FROM "users" WHERE "users"."username" = $1 AND "users"."id" != $2 LIMIT $3[0m  [["username", "Ashe"], ["id", 2], ["LIMIT", 1]]
  ↳ app/models/user.rb:40
  [1m[36mUser Exists (0.6ms)[0m  [1m[34mSELECT  1 AS one FROM "users" WHERE "users"."session_token" = $1 AND "users"."id" != $2 LIMIT $3[0m  [["session_token", "8D6R5b0-uTEkngpVAJY5Cg"], ["id", 2], ["LIMIT", 1]]
  ↳ app/models/user.rb:40
  [1m[36mUser Update (0.6ms)[0m  [1m[33mUPDATE "users" SET "session_token" = $1, "updated_at" = $2 WHERE "users"."id" = $3[0m  [["session_token", "8D6R5b0-uTEkngpVAJY5Cg"], ["updated_at", "2020-05-21 00:00:42.493136"], ["id", 2]]
  ↳ app/models/user.rb:40
  [1m[35m (0.7ms)[0m  [1m[35mCOMMIT[0m
  ↳ app/models/user.rb:40
Redirected to http://localhost:3000/users/2
Completed 302 Found in 423ms (ActiveRecord: 3.1ms)


Started GET "/users/2" for ::1 at 2020-05-20 17:00:42 -0700
Processing by UsersController#show as HTML
  Parameters: {"id"=>"2"}
  [1m[36mUser Load (0.5ms)[0m  [1m[34mSELECT  "users".* FROM "users" WHERE "users"."id" = $1 LIMIT $2[0m  [["id", 2], ["LIMIT", 1]]
  ↳ app/controllers/users_controller.rb:22
  Rendering users/show.html.erb within layouts/application
  Rendered users/show.html.erb within layouts/application (3.7ms)
Completed 500 Internal Server Error in 14ms (ActiveRecord: 0.5ms)


  
ActionView::Template::Error (No route matches {:action=>"new", :controller=>"goals", :id=>"2"}, missing required keys: [:user_id]):
    2: <br>
    3: <h3>Want to add a goal?</h3>
    4: <br>
    5: <a href="<%= new_user_goal_url%>"> Make a Goal! </a>
  
app/views/users/show.html.erb:5:in `_app_views_users_show_html_erb___3654944738699027554_70180218484540'
app/controllers/users_controller.rb:23:in `show'
Started GET "/session/new" for ::1 at 2020-05-20 17:01:19 -0700
Processing by SessionsController#new as HTML
  Rendering sessions/new.html.erb within layouts/application
  Rendered sessions/new.html.erb within layouts/application (1.1ms)
  [1m[36mUser Load (0.6ms)[0m  [1m[34mSELECT  "users".* FROM "users" WHERE "users"."session_token" = $1 LIMIT $2[0m  [["session_token", "8D6R5b0-uTEkngpVAJY5Cg"], ["LIMIT", 1]]
  ↳ app/controllers/application_controller.rb:6
Completed 200 OK in 78ms (Views: 47.7ms | ActiveRecord: 11.9ms)


Started DELETE "/session" for ::1 at 2020-05-20 17:01:22 -0700
Processing by SessionsController#destroy as HTML
  Parameters: {"authenticity_token"=>"Nf3cZz6oCkihm6VaGhCth2nrhgp5/qLp1sjoql3+8Nof5W2NBCkdXBXkctMfuAqIg6abgQkGsLlPB+WcnoruKw=="}
  [1m[36mUser Load (0.6ms)[0m  [1m[34mSELECT  "users".* FROM "users" WHERE "users"."session_token" = $1 LIMIT $2[0m  [["session_token", "8D6R5b0-uTEkngpVAJY5Cg"], ["LIMIT", 1]]
  ↳ app/controllers/application_controller.rb:6
  [1m[35m (0.2ms)[0m  [1m[35mBEGIN[0m
  ↳ app/models/user.rb:40
  [1m[36mUser Exists (0.7ms)[0m  [1m[34mSELECT  1 AS one FROM "users" WHERE "users"."username" = $1 AND "users"."id" != $2 LIMIT $3[0m  [["username", "Ashe"], ["id", 2], ["LIMIT", 1]]
  ↳ app/models/user.rb:40
  [1m[36mUser Exists (0.6ms)[0m  [1m[34mSELECT  1 AS one FROM "users" WHERE "users"."session_token" = $1 AND "users"."id" != $2 LIMIT $3[0m  [["session_token", "SNiQm0de1AQ3SyMpje2oNQ"], ["id", 2], ["LIMIT", 1]]
  ↳ app/models/user.rb:40
  [1m[36mUser Update (0.7ms)[0m  [1m[33mUPDATE "users" SET "session_token" = $1, "updated_at" = $2 WHERE "users"."id" = $3[0m  [["session_token", "SNiQm0de1AQ3SyMpje2oNQ"], ["updated_at", "2020-05-21 00:01:22.036790"], ["id", 2]]
  ↳ app/models/user.rb:40
  [1m[35m (0.9ms)[0m  [1m[35mCOMMIT[0m
  ↳ app/models/user.rb:40
Redirected to http://localhost:3000/session/new
Completed 302 Found in 13ms (ActiveRecord: 3.8ms)


Started GET "/session/new" for ::1 at 2020-05-20 17:01:22 -0700
Processing by SessionsController#new as HTML
  Rendering sessions/new.html.erb within layouts/application
  Rendered sessions/new.html.erb within layouts/application (1.0ms)
  [1m[36mUser Load (0.6ms)[0m  [1m[34mSELECT  "users".* FROM "users" WHERE "users"."session_token" IS NULL LIMIT $1[0m  [["LIMIT", 1]]
  ↳ app/controllers/application_controller.rb:6
Completed 200 OK in 45ms (Views: 43.1ms | ActiveRecord: 0.6ms)


Started POST "/session" for ::1 at 2020-05-20 17:01:26 -0700
Processing by SessionsController#create as HTML
  Parameters: {"authenticity_token"=>"V5+kLXHxmBiVnWWZvz3/1nlz2mov9cCMa9qQqUlbsk59hxXHS3CPDCHishC6lVjZkz7H4V8N0tzyFZ2fii+svw==", "user"=>{"username"=>"Ashe", "password"=>"[FILTERED]"}}
  [1m[36mUser Load (0.7ms)[0m  [1m[34mSELECT  "users".* FROM "users" WHERE "users"."username" = $1 LIMIT $2[0m  [["username", "Ashe"], ["LIMIT", 1]]
  ↳ app/models/user.rb:25
  [1m[35m (0.3ms)[0m  [1m[35mBEGIN[0m
  ↳ app/models/user.rb:40
  [1m[36mUser Exists (0.7ms)[0m  [1m[34mSELECT  1 AS one FROM "users" WHERE "users"."username" = $1 AND "users"."id" != $2 LIMIT $3[0m  [["username", "Ashe"], ["id", 2], ["LIMIT", 1]]
  ↳ app/models/user.rb:40
  [1m[36mUser Exists (0.7ms)[0m  [1m[34mSELECT  1 AS one FROM "users" WHERE "users"."session_token" = $1 AND "users"."id" != $2 LIMIT $3[0m  [["session_token", "Z7gdzGepAo4QAeCHpLD12w"], ["id", 2], ["LIMIT", 1]]
  ↳ app/models/user.rb:40
  [1m[36mUser Update (0.7ms)[0m  [1m[33mUPDATE "users" SET "session_token" = $1, "updated_at" = $2 WHERE "users"."id" = $3[0m  [["session_token", "Z7gdzGepAo4QAeCHpLD12w"], ["updated_at", "2020-05-21 00:01:26.804432"], ["id", 2]]
  ↳ app/models/user.rb:40
  [1m[35m (0.6ms)[0m  [1m[35mCOMMIT[0m
  ↳ app/models/user.rb:40
Redirected to http://localhost:3000/users/2
Completed 302 Found in 540ms (ActiveRecord: 3.6ms)


Started GET "/users/2" for ::1 at 2020-05-20 17:01:26 -0700
Processing by UsersController#show as HTML
  Parameters: {"id"=>"2"}
  [1m[36mUser Load (0.6ms)[0m  [1m[34mSELECT  "users".* FROM "users" WHERE "users"."id" = $1 LIMIT $2[0m  [["id", 2], ["LIMIT", 1]]
  ↳ app/controllers/users_controller.rb:22
  Rendering users/show.html.erb within layouts/application
  Rendered users/show.html.erb within layouts/application (4.7ms)
Completed 500 Internal Server Error in 16ms (ActiveRecord: 0.6ms)


  
ActionView::Template::Error (No route matches {:action=>"new", :controller=>"goals", :id=>"2"}, missing required keys: [:user_id]):
    2: <br>
    3: <h3>Want to add a goal?</h3>
    4: <br>
    5: <a href="<%= new_user_goal_url%>"> Make a Goal! </a>
  
app/views/users/show.html.erb:5:in `_app_views_users_show_html_erb___3654944738699027554_70180197082020'
app/controllers/users_controller.rb:23:in `show'
Started POST "/session" for ::1 at 2020-05-20 17:01:28 -0700
Processing by SessionsController#create as HTML
  Parameters: {"authenticity_token"=>"V5+kLXHxmBiVnWWZvz3/1nlz2mov9cCMa9qQqUlbsk59hxXHS3CPDCHishC6lVjZkz7H4V8N0tzyFZ2fii+svw==", "user"=>{"username"=>"Ashe", "password"=>"[FILTERED]"}}
  [1m[36mUser Load (1.8ms)[0m  [1m[34mSELECT  "users".* FROM "users" WHERE "users"."username" = $1 LIMIT $2[0m  [["username", "Ashe"], ["LIMIT", 1]]
  ↳ app/models/user.rb:25
  [1m[35m (0.4ms)[0m  [1m[35mBEGIN[0m
  ↳ app/models/user.rb:40
  [1m[36mUser Exists (1.1ms)[0m  [1m[34mSELECT  1 AS one FROM "users" WHERE "users"."username" = $1 AND "users"."id" != $2 LIMIT $3[0m  [["username", "Ashe"], ["id", 2], ["LIMIT", 1]]
  ↳ app/models/user.rb:40
  [1m[36mUser Exists (1.2ms)[0m  [1m[34mSELECT  1 AS one FROM "users" WHERE "users"."session_token" = $1 AND "users"."id" != $2 LIMIT $3[0m  [["session_token", "BeX6As1RSkglxAVfv5lfrg"], ["id", 2], ["LIMIT", 1]]
  ↳ app/models/user.rb:40
  [1m[36mUser Update (1.2ms)[0m  [1m[33mUPDATE "users" SET "session_token" = $1, "updated_at" = $2 WHERE "users"."id" = $3[0m  [["session_token", "BeX6As1RSkglxAVfv5lfrg"], ["updated_at", "2020-05-21 00:01:28.814840"], ["id", 2]]
  ↳ app/models/user.rb:40
  [1m[35m (1.0ms)[0m  [1m[35mCOMMIT[0m
  ↳ app/models/user.rb:40
Redirected to http://localhost:3000/users/2
Completed 302 Found in 547ms (ActiveRecord: 7.1ms)


Started GET "/users/2" for ::1 at 2020-05-20 17:01:28 -0700
Processing by UsersController#show as HTML
  Parameters: {"id"=>"2"}
  [1m[36mUser Load (0.8ms)[0m  [1m[34mSELECT  "users".* FROM "users" WHERE "users"."id" = $1 LIMIT $2[0m  [["id", 2], ["LIMIT", 1]]
  ↳ app/controllers/users_controller.rb:22
  Rendering users/show.html.erb within layouts/application
  Rendered users/show.html.erb within layouts/application (4.9ms)
Completed 500 Internal Server Error in 17ms (ActiveRecord: 0.8ms)


  
ActionView::Template::Error (No route matches {:action=>"new", :controller=>"goals", :id=>"2"}, missing required keys: [:user_id]):
    2: <br>
    3: <h3>Want to add a goal?</h3>
    4: <br>
    5: <a href="<%= new_user_goal_url%>"> Make a Goal! </a>
  
app/views/users/show.html.erb:5:in `_app_views_users_show_html_erb___3654944738699027554_70180277851300'
app/controllers/users_controller.rb:23:in `show'
Started GET "/session/new" for ::1 at 2020-05-20 17:02:28 -0700
Processing by SessionsController#new as HTML
  Rendering sessions/new.html.erb within layouts/application
  Rendered sessions/new.html.erb within layouts/application (1.0ms)
  [1m[36mUser Load (0.6ms)[0m  [1m[34mSELECT  "users".* FROM "users" WHERE "users"."session_token" = $1 LIMIT $2[0m  [["session_token", "BeX6As1RSkglxAVfv5lfrg"], ["LIMIT", 1]]
  ↳ app/controllers/application_controller.rb:6
Completed 200 OK in 58ms (Views: 55.9ms | ActiveRecord: 0.6ms)


Started DELETE "/session" for ::1 at 2020-05-20 17:02:30 -0700
Processing by SessionsController#destroy as HTML
  Parameters: {"authenticity_token"=>"V9V0w4vwx5VC/0njSxUCnIhDHrbFibXHCa7LjKtVywt9zcUpsXHQgfaAnmpOvaWTYg4DPbVxp5eQYca6aCHV+g=="}
  [1m[36mUser Load (0.7ms)[0m  [1m[34mSELECT  "users".* FROM "users" WHERE "users"."session_token" = $1 LIMIT $2[0m  [["session_token", "BeX6As1RSkglxAVfv5lfrg"], ["LIMIT", 1]]
  ↳ app/controllers/application_controller.rb:6
  [1m[35m (0.2ms)[0m  [1m[35mBEGIN[0m
  ↳ app/models/user.rb:40
  [1m[36mUser Exists (0.7ms)[0m  [1m[34mSELECT  1 AS one FROM "users" WHERE "users"."username" = $1 AND "users"."id" != $2 LIMIT $3[0m  [["username", "Ashe"], ["id", 2], ["LIMIT", 1]]
  ↳ app/models/user.rb:40
  [1m[36mUser Exists (0.7ms)[0m  [1m[34mSELECT  1 AS one FROM "users" WHERE "users"."session_token" = $1 AND "users"."id" != $2 LIMIT $3[0m  [["session_token", "MhMzQscRmoSVoWYkE4YJaQ"], ["id", 2], ["LIMIT", 1]]
  ↳ app/models/user.rb:40
  [1m[36mUser Update (1.2ms)[0m  [1m[33mUPDATE "users" SET "session_token" = $1, "updated_at" = $2 WHERE "users"."id" = $3[0m  [["session_token", "MhMzQscRmoSVoWYkE4YJaQ"], ["updated_at", "2020-05-21 00:02:30.460635"], ["id", 2]]
  ↳ app/models/user.rb:40
  [1m[35m (0.8ms)[0m  [1m[35mCOMMIT[0m
  ↳ app/models/user.rb:40
Redirected to http://localhost:3000/session/new
Completed 302 Found in 13ms (ActiveRecord: 4.4ms)


Started GET "/session/new" for ::1 at 2020-05-20 17:02:30 -0700
Processing by SessionsController#new as HTML
  Rendering sessions/new.html.erb within layouts/application
  Rendered sessions/new.html.erb within layouts/application (1.0ms)
  [1m[36mUser Load (0.5ms)[0m  [1m[34mSELECT  "users".* FROM "users" WHERE "users"."session_token" IS NULL LIMIT $1[0m  [["LIMIT", 1]]
  ↳ app/controllers/application_controller.rb:6
Completed 200 OK in 49ms (Views: 48.0ms | ActiveRecord: 0.5ms)


Started POST "/session" for ::1 at 2020-05-20 17:02:34 -0700
Processing by SessionsController#create as HTML
  Parameters: {"authenticity_token"=>"TPnWmISFPDvJnF8vYCgdBRLqbyMgGnbmvt1NBEP/ZCNm4WdyvgQrL33jiKZlgLoK+KdyqFDiZLYnEkAygIt60g==", "user"=>{"username"=>"Ashe", "password"=>"[FILTERED]"}}
  [1m[36mUser Load (0.7ms)[0m  [1m[34mSELECT  "users".* FROM "users" WHERE "users"."username" = $1 LIMIT $2[0m  [["username", "Ashe"], ["LIMIT", 1]]
  ↳ app/models/user.rb:25
  [1m[35m (0.3ms)[0m  [1m[35mBEGIN[0m
  ↳ app/models/user.rb:40
  [1m[36mUser Exists (0.7ms)[0m  [1m[34mSELECT  1 AS one FROM "users" WHERE "users"."username" = $1 AND "users"."id" != $2 LIMIT $3[0m  [["username", "Ashe"], ["id", 2], ["LIMIT", 1]]
  ↳ app/models/user.rb:40
  [1m[36mUser Exists (0.5ms)[0m  [1m[34mSELECT  1 AS one FROM "users" WHERE "users"."session_token" = $1 AND "users"."id" != $2 LIMIT $3[0m  [["session_token", "jggdXESCqLwYwvXtVuwJKQ"], ["id", 2], ["LIMIT", 1]]
  ↳ app/models/user.rb:40
  [1m[36mUser Update (0.7ms)[0m  [1m[33mUPDATE "users" SET "session_token" = $1, "updated_at" = $2 WHERE "users"."id" = $3[0m  [["session_token", "jggdXESCqLwYwvXtVuwJKQ"], ["updated_at", "2020-05-21 00:02:34.634438"], ["id", 2]]
  ↳ app/models/user.rb:40
  [1m[35m (0.8ms)[0m  [1m[35mCOMMIT[0m
  ↳ app/models/user.rb:40
Redirected to http://localhost:3000/users/2
Completed 302 Found in 507ms (ActiveRecord: 3.7ms)


Started GET "/users/2" for ::1 at 2020-05-20 17:02:34 -0700
Processing by UsersController#show as HTML
  Parameters: {"id"=>"2"}
  [1m[36mUser Load (0.6ms)[0m  [1m[34mSELECT  "users".* FROM "users" WHERE "users"."id" = $1 LIMIT $2[0m  [["id", 2], ["LIMIT", 1]]
  ↳ app/controllers/users_controller.rb:22
  Rendering users/show.html.erb within layouts/application
  Rendered users/show.html.erb within layouts/application (0.8ms)
  [1m[36mUser Load (1.0ms)[0m  [1m[34mSELECT  "users".* FROM "users" WHERE "users"."session_token" = $1 LIMIT $2[0m  [["session_token", "jggdXESCqLwYwvXtVuwJKQ"], ["LIMIT", 1]]
  ↳ app/controllers/application_controller.rb:6
Completed 200 OK in 46ms (Views: 42.6ms | ActiveRecord: 1.6ms)


Started GET "/users/2/goals/new" for ::1 at 2020-05-20 17:02:38 -0700
Processing by GoalsController#new as HTML
  Parameters: {"user_id"=>"2"}
  Rendering goals/new.html.erb within layouts/application
  Rendered goals/new.html.erb within layouts/application (0.5ms)
  [1m[36mUser Load (0.6ms)[0m  [1m[34mSELECT  "users".* FROM "users" WHERE "users"."session_token" = $1 LIMIT $2[0m  [["session_token", "jggdXESCqLwYwvXtVuwJKQ"], ["LIMIT", 1]]
  ↳ app/controllers/application_controller.rb:6
Completed 200 OK in 51ms (Views: 46.4ms | ActiveRecord: 0.6ms)


